{"level":"info","message":"App start"}
{"level":"info","message":"Starting a mysql pool with 29 connections.","target":"quaint::pooled","timestamp":"2025-04-03T17:50:28.554Z"}
{"level":"info","message":{"duration":0,"params":"[]","query":"BEGIN","target":"quaint::connector::metrics","timestamp":"2025-04-03T17:50:28.579Z"}}
{"level":"info","message":{"duration":1,"params":"[null,\"Muhammad Dani Nasution\",\"1234QWER@\",1]","query":"INSERT INTO `keren`.`items` (`id`,`name`,`description`,`id_user`) VALUES (?,?,?,?)","target":"quaint::connector::metrics","timestamp":"2025-04-03T17:50:28.581Z"}}
{"level":"info","message":{"duration":0,"params":"[9,1,0]","query":"SELECT `keren`.`items`.`id`, `keren`.`items`.`name`, `keren`.`items`.`description`, `keren`.`items`.`id_user` FROM `keren`.`items` WHERE `keren`.`items`.`id` = ? LIMIT ? OFFSET ?","target":"quaint::connector::metrics","timestamp":"2025-04-03T17:50:28.582Z"}}
{"level":"info","message":{"duration":5,"params":"[]","query":"COMMIT","target":"quaint::connector::metrics","timestamp":"2025-04-03T17:50:28.588Z"}}
{"level":"info","message":"App start"}
{"level":"info","message":"Starting a mysql pool with 29 connections.","target":"quaint::pooled","timestamp":"2025-04-03T17:51:26.287Z"}
{"level":"info","message":{"duration":0,"params":"[]","query":"BEGIN","target":"quaint::connector::metrics","timestamp":"2025-04-03T17:51:26.313Z"}}
{"level":"info","message":{"duration":1,"params":"[null,\"Muhammad Dani Nasution\",\"1234QWER@\",1]","query":"INSERT INTO `keren`.`items` (`id`,`name`,`description`,`id_user`) VALUES (?,?,?,?)","target":"quaint::connector::metrics","timestamp":"2025-04-03T17:51:26.315Z"}}
{"level":"info","message":{"duration":0,"params":"[10,1,0]","query":"SELECT `keren`.`items`.`id`, `keren`.`items`.`name`, `keren`.`items`.`description`, `keren`.`items`.`id_user` FROM `keren`.`items` WHERE `keren`.`items`.`id` = ? LIMIT ? OFFSET ?","target":"quaint::connector::metrics","timestamp":"2025-04-03T17:51:26.316Z"}}
{"level":"info","message":{"duration":4,"params":"[]","query":"COMMIT","target":"quaint::connector::metrics","timestamp":"2025-04-03T17:51:26.320Z"}}
{"level":"info","message":{"duration":0,"params":"[]","query":"SELECT 1","target":"quaint::connector::metrics","timestamp":"2025-04-03T17:51:48.576Z"}}
{"level":"info","message":{"duration":1,"params":"[\"Muhammad Dani Nasution\",1,0]","query":"SELECT `keren`.`users`.`id`, `keren`.`users`.`username`, `keren`.`users`.`password` FROM `keren`.`users` WHERE `keren`.`users`.`username` = ? LIMIT ? OFFSET ?","target":"quaint::connector::metrics","timestamp":"2025-04-03T17:51:48.578Z"}}
{"level":"info","message":"DISINI"}
{"level":"error","message":{"username":"Muhammad Dani Nasution"}}
{"level":"info","message":"App start"}
{"level":"info","message":"Starting a mysql pool with 29 connections.","target":"quaint::pooled","timestamp":"2025-04-03T17:52:42.224Z"}
{"level":"info","message":{"duration":1,"params":"[\"Muhammad Dani Nasution\",1,0]","query":"SELECT `keren`.`users`.`id`, `keren`.`users`.`username`, `keren`.`users`.`password` FROM `keren`.`users` WHERE `keren`.`users`.`username` = ? LIMIT ? OFFSET ?","target":"quaint::connector::metrics","timestamp":"2025-04-03T17:52:42.250Z"}}
{"level":"info","message":"DISINI"}
{"level":"error","message":{"tes":"halo","username":"Muhammad Dani Nasution"}}
{"level":"info","message":"App start"}
{"level":"info","message":"Starting a mysql pool with 29 connections.","target":"quaint::pooled","timestamp":"2025-04-03T17:53:05.895Z"}
{"level":"info","message":{"duration":1,"params":"[\"Muhammad Dani Nasution\",1,0]","query":"SELECT `keren`.`users`.`id`, `keren`.`users`.`username`, `keren`.`users`.`password` FROM `keren`.`users` WHERE `keren`.`users`.`username` = ? LIMIT ? OFFSET ?","target":"quaint::connector::metrics","timestamp":"2025-04-03T17:53:05.920Z"}}
{"level":"info","message":"DISINI"}
{"level":"error","message":{"id":"kosong","tes":"halo","username":"Muhammad Dani Nasution"}}
{"level":"info","message":"App start"}
{"level":"info","message":"Starting a mysql pool with 29 connections.","target":"quaint::pooled","timestamp":"2025-04-03T17:53:33.435Z"}
{"level":"info","message":{"duration":1,"params":"[\"Muhammad Dani Nasution\",1,0]","query":"SELECT `keren`.`users`.`id`, `keren`.`users`.`username`, `keren`.`users`.`password` FROM `keren`.`users` WHERE `keren`.`users`.`username` = ? LIMIT ? OFFSET ?","target":"quaint::connector::metrics","timestamp":"2025-04-03T17:53:33.462Z"}}
{"level":"info","message":"DISINI"}
{"level":"error","message":{"id":"kosong","tes":"halo","username":"Muhammad Dani Nasution"}}
{"level":"info","message":"App start"}
{"level":"info","message":"Starting a mysql pool with 29 connections.","target":"quaint::pooled","timestamp":"2025-04-03T17:53:49.607Z"}
{"level":"info","message":{"duration":1,"params":"[\"Muhammad Dani Nasution\",1,0]","query":"SELECT `keren`.`users`.`id`, `keren`.`users`.`username`, `keren`.`users`.`password` FROM `keren`.`users` WHERE `keren`.`users`.`username` = ? LIMIT ? OFFSET ?","target":"quaint::connector::metrics","timestamp":"2025-04-03T17:53:49.638Z"}}
{"level":"info","message":"DISINI"}
{"level":"error","message":{"id":"kosong","tes":"halo","username":"Muhammad Dani Nasution"}}
{"level":"info","message":"App start"}
{"level":"info","message":"Starting a mysql pool with 29 connections.","target":"quaint::pooled","timestamp":"2025-04-03T17:54:07.123Z"}
{"level":"info","message":{"duration":1,"params":"[\"Muhammad Dani Nasution\",1,0]","query":"SELECT `keren`.`users`.`id`, `keren`.`users`.`username`, `keren`.`users`.`password` FROM `keren`.`users` WHERE `keren`.`users`.`username` = ? LIMIT ? OFFSET ?","target":"quaint::connector::metrics","timestamp":"2025-04-03T17:54:07.150Z"}}
{"level":"info","message":"DISINI"}
{"level":"error","message":{"id":1,"tes":"halo","username":"Muhammad Dani Nasution"}}
{"level":"info","message":"App start"}
{"level":"info","message":"Starting a mysql pool with 29 connections.","target":"quaint::pooled","timestamp":"2025-04-03T17:55:40.742Z"}
{"level":"info","message":{"duration":7,"params":"[\"Muhammad Dani Nasution\",1,0]","query":"SELECT `keren`.`users`.`id`, `keren`.`users`.`username`, `keren`.`users`.`password` FROM `keren`.`users` WHERE `keren`.`users`.`username` = ? LIMIT ? OFFSET ?","target":"quaint::connector::metrics","timestamp":"2025-04-03T17:55:40.820Z"}}
{"level":"info","message":{"duration":0,"params":"[]","query":"BEGIN","target":"quaint::connector::metrics","timestamp":"2025-04-03T17:55:41.105Z"}}
{"level":"info","message":{"duration":1,"params":"[null,\"Muhammad Dani Nasution\",\"$2b$10$1RxcaAzFEb97dc8wDP7su.wS2ByoALQs8eaUhqp.w8wkZwMiUjr4C\"]","query":"INSERT INTO `keren`.`users` (`id`,`username`,`password`) VALUES (?,?,?)","target":"quaint::connector::metrics","timestamp":"2025-04-03T17:55:41.108Z"}}
{"level":"info","message":{"duration":1,"params":"[1,1,0]","query":"SELECT `keren`.`users`.`id`, `keren`.`users`.`username` FROM `keren`.`users` WHERE `keren`.`users`.`id` = ? LIMIT ? OFFSET ?","target":"quaint::connector::metrics","timestamp":"2025-04-03T17:55:41.110Z"}}
{"level":"info","message":{"duration":4,"params":"[]","query":"COMMIT","target":"quaint::connector::metrics","timestamp":"2025-04-03T17:55:41.115Z"}}
{"level":"info","message":{"duration":0,"params":"[\"Muhammad Dani Nasution\",1,0]","query":"SELECT `keren`.`users`.`id`, `keren`.`users`.`username`, `keren`.`users`.`password` FROM `keren`.`users` WHERE `keren`.`users`.`username` = ? LIMIT ? OFFSET ?","target":"quaint::connector::metrics","timestamp":"2025-04-03T17:55:48.696Z"}}
{"level":"info","message":"App start"}
{"level":"info","message":"App start"}
{"level":"info","message":"Starting a mysql pool with 29 connections.","target":"quaint::pooled","timestamp":"2025-04-03T17:56:53.460Z"}
{"level":"info","message":{"duration":0,"params":"[]","query":"BEGIN","target":"quaint::connector::metrics","timestamp":"2025-04-03T17:56:53.485Z"}}
{"level":"info","message":{"duration":1,"params":"[null,\"Barang\",\"Ini Deskripsi\",1]","query":"INSERT INTO `keren`.`items` (`id`,`name`,`description`,`id_user`) VALUES (?,?,?,?)","target":"quaint::connector::metrics","timestamp":"2025-04-03T17:56:53.487Z"}}
{"level":"info","message":{"duration":1,"params":"[1,1,0]","query":"SELECT `keren`.`items`.`id`, `keren`.`items`.`name`, `keren`.`items`.`description`, `keren`.`items`.`id_user` FROM `keren`.`items` WHERE `keren`.`items`.`id` = ? LIMIT ? OFFSET ?","target":"quaint::connector::metrics","timestamp":"2025-04-03T17:56:53.488Z"}}
{"level":"info","message":{"duration":4,"params":"[]","query":"COMMIT","target":"quaint::connector::metrics","timestamp":"2025-04-03T17:56:53.492Z"}}
{"level":"info","message":"App start"}
{"level":"info","message":"App start"}
{"level":"info","message":"App start"}
{"level":"info","message":"Starting a mysql pool with 29 connections.","target":"quaint::pooled","timestamp":"2025-04-03T18:01:02.007Z"}
{"level":"info","message":{"duration":0,"params":"[]","query":"BEGIN","target":"quaint::connector::metrics","timestamp":"2025-04-03T18:01:02.032Z"}}
{"level":"info","message":{"duration":2,"params":"[null,\"Barang\",\"Ini Deskripsi\",1]","query":"INSERT INTO `keren`.`items` (`id`,`name`,`description`,`id_user`) VALUES (?,?,?,?)","target":"quaint::connector::metrics","timestamp":"2025-04-03T18:01:02.035Z"}}
{"level":"info","message":{"duration":0,"params":"[2,1,0]","query":"SELECT `keren`.`items`.`id`, `keren`.`items`.`name`, `keren`.`items`.`description`, `keren`.`items`.`id_user` FROM `keren`.`items` WHERE `keren`.`items`.`id` = ? LIMIT ? OFFSET ?","target":"quaint::connector::metrics","timestamp":"2025-04-03T18:01:02.036Z"}}
{"level":"info","message":{"duration":2,"params":"[]","query":"COMMIT","target":"quaint::connector::metrics","timestamp":"2025-04-03T18:01:02.038Z"}}
{"level":"info","message":"App start"}
{"level":"info","message":"Starting a mysql pool with 29 connections.","target":"quaint::pooled","timestamp":"2025-04-03T18:01:24.629Z"}
{"level":"info","message":{"duration":0,"params":"[]","query":"BEGIN","target":"quaint::connector::metrics","timestamp":"2025-04-03T18:01:24.654Z"}}
{"level":"info","message":{"duration":1,"params":"[null,\"Barang\",\"Ini Deskripsi\",1]","query":"INSERT INTO `keren`.`items` (`id`,`name`,`description`,`id_user`) VALUES (?,?,?,?)","target":"quaint::connector::metrics","timestamp":"2025-04-03T18:01:24.656Z"}}
{"level":"info","message":{"duration":1,"params":"[3,1,0]","query":"SELECT `keren`.`items`.`id`, `keren`.`items`.`name`, `keren`.`items`.`description`, `keren`.`items`.`id_user` FROM `keren`.`items` WHERE `keren`.`items`.`id` = ? LIMIT ? OFFSET ?","target":"quaint::connector::metrics","timestamp":"2025-04-03T18:01:24.657Z"}}
{"level":"info","message":{"duration":4,"params":"[]","query":"COMMIT","target":"quaint::connector::metrics","timestamp":"2025-04-03T18:01:24.662Z"}}
{"level":"info","message":"App start"}
{"level":"info","message":"Starting a mysql pool with 29 connections.","target":"quaint::pooled","timestamp":"2025-04-03T18:04:53.531Z"}
{"level":"info","message":{"duration":0,"params":"[]","query":"BEGIN","target":"quaint::connector::metrics","timestamp":"2025-04-03T18:04:53.557Z"}}
{"level":"info","message":{"duration":1,"params":"[null,\"Barang\",\"Ini Deskripsi\",1]","query":"INSERT INTO `keren`.`items` (`id`,`name`,`description`,`id_user`) VALUES (?,?,?,?)","target":"quaint::connector::metrics","timestamp":"2025-04-03T18:04:53.559Z"}}
{"level":"info","message":{"duration":0,"params":"[4,1,0]","query":"SELECT `keren`.`items`.`id`, `keren`.`items`.`name`, `keren`.`items`.`description`, `keren`.`items`.`id_user` FROM `keren`.`items` WHERE `keren`.`items`.`id` = ? LIMIT ? OFFSET ?","target":"quaint::connector::metrics","timestamp":"2025-04-03T18:04:53.561Z"}}
{"level":"info","message":{"duration":2,"params":"[]","query":"COMMIT","target":"quaint::connector::metrics","timestamp":"2025-04-03T18:04:53.563Z"}}
{"level":"info","message":"App start"}
{"level":"info","message":"Starting a mysql pool with 29 connections.","target":"quaint::pooled","timestamp":"2025-04-03T18:06:42.391Z"}
{"level":"info","message":{"duration":0,"params":"[]","query":"BEGIN","target":"quaint::connector::metrics","timestamp":"2025-04-03T18:06:42.417Z"}}
{"level":"info","message":{"duration":1,"params":"[null,\"Barang\",\"Ini Deskripsi\",1]","query":"INSERT INTO `keren`.`items` (`id`,`name`,`description`,`id_user`) VALUES (?,?,?,?)","target":"quaint::connector::metrics","timestamp":"2025-04-03T18:06:42.419Z"}}
{"level":"info","message":{"duration":0,"params":"[5,1,0]","query":"SELECT `keren`.`items`.`id`, `keren`.`items`.`name`, `keren`.`items`.`description`, `keren`.`items`.`id_user` FROM `keren`.`items` WHERE `keren`.`items`.`id` = ? LIMIT ? OFFSET ?","target":"quaint::connector::metrics","timestamp":"2025-04-03T18:06:42.420Z"}}
{"level":"info","message":{"duration":3,"params":"[]","query":"COMMIT","target":"quaint::connector::metrics","timestamp":"2025-04-03T18:06:42.424Z"}}
{"level":"info","message":"App start"}
{"level":"info","message":"Starting a mysql pool with 29 connections.","target":"quaint::pooled","timestamp":"2025-04-03T18:07:06.966Z"}
{"level":"info","message":{"duration":0,"params":"[]","query":"BEGIN","target":"quaint::connector::metrics","timestamp":"2025-04-03T18:07:06.992Z"}}
{"level":"info","message":{"duration":1,"params":"[null,\"Barang\",\"Ini Deskripsi\",1]","query":"INSERT INTO `keren`.`items` (`id`,`name`,`description`,`id_user`) VALUES (?,?,?,?)","target":"quaint::connector::metrics","timestamp":"2025-04-03T18:07:06.994Z"}}
{"level":"info","message":{"duration":1,"params":"[6,1,0]","query":"SELECT `keren`.`items`.`id`, `keren`.`items`.`name`, `keren`.`items`.`description`, `keren`.`items`.`id_user` FROM `keren`.`items` WHERE `keren`.`items`.`id` = ? LIMIT ? OFFSET ?","target":"quaint::connector::metrics","timestamp":"2025-04-03T18:07:06.996Z"}}
{"level":"info","message":{"duration":2,"params":"[]","query":"COMMIT","target":"quaint::connector::metrics","timestamp":"2025-04-03T18:07:06.998Z"}}
{"level":"info","message":{"duration":0,"params":"[]","query":"BEGIN","target":"quaint::connector::metrics","timestamp":"2025-04-03T18:07:13.826Z"}}
{"level":"info","message":{"duration":0,"params":"[null,\"Barang\",\"Ini Deskripsi\",1]","query":"INSERT INTO `keren`.`items` (`id`,`name`,`description`,`id_user`) VALUES (?,?,?,?)","target":"quaint::connector::metrics","timestamp":"2025-04-03T18:07:13.827Z"}}
{"level":"info","message":{"duration":0,"params":"[7,1,0]","query":"SELECT `keren`.`items`.`id`, `keren`.`items`.`name`, `keren`.`items`.`description`, `keren`.`items`.`id_user` FROM `keren`.`items` WHERE `keren`.`items`.`id` = ? LIMIT ? OFFSET ?","target":"quaint::connector::metrics","timestamp":"2025-04-03T18:07:13.828Z"}}
{"level":"info","message":{"duration":4,"params":"[]","query":"COMMIT","target":"quaint::connector::metrics","timestamp":"2025-04-03T18:07:13.832Z"}}
{"level":"info","message":{"duration":0,"params":"[]","query":"BEGIN","target":"quaint::connector::metrics","timestamp":"2025-04-03T18:16:02.458Z"}}
{"level":"info","message":{"duration":2,"params":"[null,\"Barang\",\"Ini Deskripsi\",1]","query":"INSERT INTO `keren`.`items` (`id`,`name`,`description`,`id_user`) VALUES (?,?,?,?)","target":"quaint::connector::metrics","timestamp":"2025-04-03T18:16:02.461Z"}}
{"level":"info","message":{"duration":2,"params":"[8,1,0]","query":"SELECT `keren`.`items`.`id`, `keren`.`items`.`name`, `keren`.`items`.`description`, `keren`.`items`.`id_user` FROM `keren`.`items` WHERE `keren`.`items`.`id` = ? LIMIT ? OFFSET ?","target":"quaint::connector::metrics","timestamp":"2025-04-03T18:16:02.464Z"}}
{"level":"info","message":{"duration":4,"params":"[]","query":"COMMIT","target":"quaint::connector::metrics","timestamp":"2025-04-03T18:16:02.468Z"}}
{"level":"info","message":"App start"}
{"level":"info","message":"App start"}
{"level":"info","message":"Starting a mysql pool with 29 connections.","target":"quaint::pooled","timestamp":"2025-04-03T18:18:12.145Z"}
{"level":"info","message":{"duration":1,"params":"[\"Muhammad Dani Nasution\",1,0]","query":"SELECT `keren`.`users`.`id`, `keren`.`users`.`username`, `keren`.`users`.`password` FROM `keren`.`users` WHERE `keren`.`users`.`username` = ? LIMIT ? OFFSET ?","target":"quaint::connector::metrics","timestamp":"2025-04-03T18:18:12.170Z"}}
{"level":"info","message":{"duration":0,"params":"[]","query":"BEGIN","target":"quaint::connector::metrics","timestamp":"2025-04-03T18:18:12.177Z"}}
{"level":"info","message":{"duration":1,"params":"[null,\"Barang\",\"Ini Deskripsi\",1]","query":"INSERT INTO `keren`.`items` (`id`,`name`,`description`,`id_user`) VALUES (?,?,?,?)","target":"quaint::connector::metrics","timestamp":"2025-04-03T18:18:12.179Z"}}
{"level":"info","message":{"duration":0,"params":"[9,1,0]","query":"SELECT `keren`.`items`.`id`, `keren`.`items`.`name`, `keren`.`items`.`description`, `keren`.`items`.`id_user` FROM `keren`.`items` WHERE `keren`.`items`.`id` = ? LIMIT ? OFFSET ?","target":"quaint::connector::metrics","timestamp":"2025-04-03T18:18:12.180Z"}}
{"level":"info","message":{"duration":2,"params":"[]","query":"COMMIT","target":"quaint::connector::metrics","timestamp":"2025-04-03T18:18:12.182Z"}}
{"level":"info","message":{"duration":0,"params":"[]","query":"SELECT 1","target":"quaint::connector::metrics","timestamp":"2025-04-03T18:20:19.947Z"}}
{"level":"info","message":{"duration":0,"params":"[\"Muhammad Dani Nasution\",1,0]","query":"SELECT `keren`.`users`.`id`, `keren`.`users`.`username`, `keren`.`users`.`password` FROM `keren`.`users` WHERE `keren`.`users`.`username` = ? LIMIT ? OFFSET ?","target":"quaint::connector::metrics","timestamp":"2025-04-03T18:20:19.948Z"}}
{"level":"info","message":"App start"}
{"level":"info","message":"Starting a mysql pool with 29 connections.","target":"quaint::pooled","timestamp":"2025-04-03T18:20:59.498Z"}
{"level":"info","message":{"duration":4,"params":"[\"Muhammad Dani Nasution\",1,0]","query":"SELECT `keren`.`users`.`id`, `keren`.`users`.`username`, `keren`.`users`.`password` FROM `keren`.`users` WHERE `keren`.`users`.`username` = ? LIMIT ? OFFSET ?","target":"quaint::connector::metrics","timestamp":"2025-04-03T18:20:59.552Z"}}
{"level":"info","message":{"duration":0,"params":"[]","query":"BEGIN","target":"quaint::connector::metrics","timestamp":"2025-04-03T18:20:59.785Z"}}
{"level":"info","message":{"duration":1,"params":"[null,\"Muhammad Dani Nasution\",\"$2b$10$hUshspEDgZGMSCBrMHfJYO4djwtjsTVhSDeF1kCR2ri0R8x3wmet.\"]","query":"INSERT INTO `keren`.`users` (`id`,`username`,`password`) VALUES (?,?,?)","target":"quaint::connector::metrics","timestamp":"2025-04-03T18:20:59.787Z"}}
{"level":"info","message":{"duration":0,"params":"[1,1,0]","query":"SELECT `keren`.`users`.`id`, `keren`.`users`.`username` FROM `keren`.`users` WHERE `keren`.`users`.`id` = ? LIMIT ? OFFSET ?","target":"quaint::connector::metrics","timestamp":"2025-04-03T18:20:59.788Z"}}
{"level":"info","message":{"duration":3,"params":"[]","query":"COMMIT","target":"quaint::connector::metrics","timestamp":"2025-04-03T18:20:59.791Z"}}
{"level":"info","message":{"duration":0,"params":"[\"Muhammad Dani Nasution\",1,0]","query":"SELECT `keren`.`users`.`id`, `keren`.`users`.`username`, `keren`.`users`.`password` FROM `keren`.`users` WHERE `keren`.`users`.`username` = ? LIMIT ? OFFSET ?","target":"quaint::connector::metrics","timestamp":"2025-04-03T18:21:10.383Z"}}
{"level":"info","message":{"duration":0,"params":"[]","query":"SELECT 1","target":"quaint::connector::metrics","timestamp":"2025-04-03T18:21:25.011Z"}}
{"level":"info","message":{"duration":0,"params":"[\"Muhammad Dani Nasution\",1,0]","query":"SELECT `keren`.`users`.`id`, `keren`.`users`.`username`, `keren`.`users`.`password` FROM `keren`.`users` WHERE `keren`.`users`.`username` = ? LIMIT ? OFFSET ?","target":"quaint::connector::metrics","timestamp":"2025-04-03T18:21:25.012Z"}}
{"level":"info","message":{"duration":0,"params":"[]","query":"SELECT 1","target":"quaint::connector::metrics","timestamp":"2025-04-03T18:21:49.553Z"}}
{"level":"info","message":{"duration":0,"params":"[\"Muhammad Dani Nasution\",1,0]","query":"SELECT `keren`.`users`.`id`, `keren`.`users`.`username`, `keren`.`users`.`password` FROM `keren`.`users` WHERE `keren`.`users`.`username` = ? LIMIT ? OFFSET ?","target":"quaint::connector::metrics","timestamp":"2025-04-03T18:21:49.555Z"}}
{"level":"info","message":{"duration":0,"params":"[]","query":"BEGIN","target":"quaint::connector::metrics","timestamp":"2025-04-03T18:21:49.561Z"}}
{"level":"info","message":{"duration":1,"params":"[null,\"Muhammad Dani Nasution\",\"1234QWER@\",1]","query":"INSERT INTO `keren`.`items` (`id`,`name`,`description`,`id_user`) VALUES (?,?,?,?)","target":"quaint::connector::metrics","timestamp":"2025-04-03T18:21:49.562Z"}}
{"level":"info","message":{"duration":0,"params":"[1,1,0]","query":"SELECT `keren`.`items`.`id`, `keren`.`items`.`name`, `keren`.`items`.`description`, `keren`.`items`.`id_user` FROM `keren`.`items` WHERE `keren`.`items`.`id` = ? LIMIT ? OFFSET ?","target":"quaint::connector::metrics","timestamp":"2025-04-03T18:21:49.564Z"}}
{"level":"info","message":{"duration":4,"params":"[]","query":"COMMIT","target":"quaint::connector::metrics","timestamp":"2025-04-03T18:21:49.568Z"}}
{"level":"info","message":{"duration":0,"params":"[\"Muhammad Dani Nasution\",1,0]","query":"SELECT `keren`.`users`.`id`, `keren`.`users`.`username`, `keren`.`users`.`password` FROM `keren`.`users` WHERE `keren`.`users`.`username` = ? LIMIT ? OFFSET ?","target":"quaint::connector::metrics","timestamp":"2025-04-03T18:22:00.345Z"}}
{"level":"info","message":{"duration":0,"params":"[]","query":"BEGIN","target":"quaint::connector::metrics","timestamp":"2025-04-03T18:22:00.348Z"}}
{"level":"info","message":{"duration":0,"params":"[null,\"Barang\",\"1234QWER@\",1]","query":"INSERT INTO `keren`.`items` (`id`,`name`,`description`,`id_user`) VALUES (?,?,?,?)","target":"quaint::connector::metrics","timestamp":"2025-04-03T18:22:00.349Z"}}
{"level":"info","message":{"duration":0,"params":"[2,1,0]","query":"SELECT `keren`.`items`.`id`, `keren`.`items`.`name`, `keren`.`items`.`description`, `keren`.`items`.`id_user` FROM `keren`.`items` WHERE `keren`.`items`.`id` = ? LIMIT ? OFFSET ?","target":"quaint::connector::metrics","timestamp":"2025-04-03T18:22:00.350Z"}}
{"level":"info","message":{"duration":2,"params":"[]","query":"COMMIT","target":"quaint::connector::metrics","timestamp":"2025-04-03T18:22:00.353Z"}}
{"level":"info","message":{"duration":0,"params":"[\"Muhammad Dani Nasution\",1,0]","query":"SELECT `keren`.`users`.`id`, `keren`.`users`.`username`, `keren`.`users`.`password` FROM `keren`.`users` WHERE `keren`.`users`.`username` = ? LIMIT ? OFFSET ?","target":"quaint::connector::metrics","timestamp":"2025-04-03T18:30:03.438Z"}}
{"level":"info","message":{"duration":0,"params":"[]","query":"BEGIN","target":"quaint::connector::metrics","timestamp":"2025-04-03T18:30:03.440Z"}}
{"level":"info","message":{"duration":0,"params":"[null,\"Barang\",\"1234QWER@\",1]","query":"INSERT INTO `keren`.`items` (`id`,`name`,`description`,`id_user`) VALUES (?,?,?,?)","target":"quaint::connector::metrics","timestamp":"2025-04-03T18:30:03.441Z"}}
{"level":"info","message":{"duration":0,"params":"[3,1,0]","query":"SELECT `keren`.`items`.`id`, `keren`.`items`.`name`, `keren`.`items`.`description`, `keren`.`items`.`id_user` FROM `keren`.`items` WHERE `keren`.`items`.`id` = ? LIMIT ? OFFSET ?","target":"quaint::connector::metrics","timestamp":"2025-04-03T18:30:03.441Z"}}
{"level":"info","message":{"duration":1,"params":"[]","query":"COMMIT","target":"quaint::connector::metrics","timestamp":"2025-04-03T18:30:03.443Z"}}
{"level":"info","message":"App start"}
{"level":"info","message":"App start"}
{"level":"error","message":"invalid token","name":"JsonWebTokenError"}
{"level":"info","message":"App start"}
{"level":"info","message":"App start"}
{"level":"info","message":"App start"}
{"level":"info","message":"App start"}
{"level":"info","message":"App start"}
{"level":"info","message":"Starting a mysql pool with 29 connections.","target":"quaint::pooled","timestamp":"2025-04-03T23:49:40.957Z"}
{"level":"info","message":{"duration":2,"params":"[\"Muhammad Dani Nasution\",1,0]","query":"SELECT `keren`.`users`.`id`, `keren`.`users`.`username`, `keren`.`users`.`password` FROM `keren`.`users` WHERE `keren`.`users`.`username` = ? LIMIT ? OFFSET ?","target":"quaint::connector::metrics","timestamp":"2025-04-03T23:49:40.994Z"}}
{"level":"info","message":{"duration":0,"params":"[]","query":"BEGIN","target":"quaint::connector::metrics","timestamp":"2025-04-03T23:49:41.068Z"}}
{"level":"info","message":{"duration":0,"params":"[null,\"Muhammad Dani Nasution\",\"$2b$10$itXCy931i0Yo.VbWhReCX.xkoLbFMdT4yZk1BWYBLUURdeTozO/Hu\"]","query":"INSERT INTO `keren`.`users` (`id`,`username`,`password`) VALUES (?,?,?)","target":"quaint::connector::metrics","timestamp":"2025-04-03T23:49:41.069Z"}}
{"level":"info","message":{"duration":0,"params":"[1,1,0]","query":"SELECT `keren`.`users`.`id`, `keren`.`users`.`username` FROM `keren`.`users` WHERE `keren`.`users`.`id` = ? LIMIT ? OFFSET ?","target":"quaint::connector::metrics","timestamp":"2025-04-03T23:49:41.069Z"}}
{"level":"info","message":{"duration":1,"params":"[]","query":"COMMIT","target":"quaint::connector::metrics","timestamp":"2025-04-03T23:49:41.071Z"}}
{"level":"info","message":{"duration":0,"params":"[\"Muhammad Dani Nasution\",1,0]","query":"SELECT `keren`.`users`.`id`, `keren`.`users`.`username`, `keren`.`users`.`password` FROM `keren`.`users` WHERE `keren`.`users`.`username` = ? LIMIT ? OFFSET ?","target":"quaint::connector::metrics","timestamp":"2025-04-03T23:49:51.841Z"}}
{"level":"info","message":{"duration":0,"params":"[]","query":"SELECT 1","target":"quaint::connector::metrics","timestamp":"2025-04-03T23:50:18.745Z"}}
{"level":"info","message":{"duration":0,"params":"[\"Muhammad Dani Nasution\",1,0]","query":"SELECT `keren`.`users`.`id`, `keren`.`users`.`username`, `keren`.`users`.`password` FROM `keren`.`users` WHERE `keren`.`users`.`username` = ? LIMIT ? OFFSET ?","target":"quaint::connector::metrics","timestamp":"2025-04-03T23:50:18.746Z"}}
{"level":"info","message":{"duration":0,"params":"[]","query":"BEGIN","target":"quaint::connector::metrics","timestamp":"2025-04-03T23:50:18.748Z"}}
{"level":"info","message":{"duration":0,"params":"[null,\"Barang\",\"1234QWER@\",1]","query":"INSERT INTO `keren`.`items` (`id`,`name`,`description`,`id_user`) VALUES (?,?,?,?)","target":"quaint::connector::metrics","timestamp":"2025-04-03T23:50:18.749Z"}}
{"level":"info","message":{"duration":0,"params":"[1,1,0]","query":"SELECT `keren`.`items`.`id`, `keren`.`items`.`name`, `keren`.`items`.`description`, `keren`.`items`.`id_user` FROM `keren`.`items` WHERE `keren`.`items`.`id` = ? LIMIT ? OFFSET ?","target":"quaint::connector::metrics","timestamp":"2025-04-03T23:50:18.749Z"}}
{"level":"info","message":{"duration":4,"params":"[]","query":"COMMIT","target":"quaint::connector::metrics","timestamp":"2025-04-03T23:50:18.753Z"}}
{"level":"info","message":"App start"}
{"level":"info","message":"Starting a mysql pool with 29 connections.","target":"quaint::pooled","timestamp":"2025-04-04T00:01:07.143Z"}
{"level":"info","message":{"duration":0,"params":"[\"Muhammad Dani Nasution\",1,0]","query":"SELECT `keren`.`users`.`id`, `keren`.`users`.`username`, `keren`.`users`.`password` FROM `keren`.`users` WHERE `keren`.`users`.`username` = ? LIMIT ? OFFSET ?","target":"quaint::connector::metrics","timestamp":"2025-04-04T00:01:07.157Z"}}
{"level":"info","message":{"duration":0,"params":"[\"Muhammad Dani Nasution\",1,0]","query":"SELECT `keren`.`users`.`id`, `keren`.`users`.`username`, `keren`.`users`.`password` FROM `keren`.`users` WHERE `keren`.`users`.`username` = ? LIMIT ? OFFSET ?","target":"quaint::connector::metrics","timestamp":"2025-04-04T00:01:20.681Z"}}
{"level":"info","message":{"duration":0,"params":"[]","query":"SELECT 1","target":"quaint::connector::metrics","timestamp":"2025-04-04T00:01:34.193Z"}}
{"level":"info","message":{"duration":0,"params":"[\"Muhammad Dani Nasution\",1,0]","query":"SELECT `keren`.`users`.`id`, `keren`.`users`.`username`, `keren`.`users`.`password` FROM `keren`.`users` WHERE `keren`.`users`.`username` = ? LIMIT ? OFFSET ?","target":"quaint::connector::metrics","timestamp":"2025-04-04T00:01:34.193Z"}}
{"level":"info","message":{"duration":0,"params":"[]","query":"BEGIN","target":"quaint::connector::metrics","timestamp":"2025-04-04T00:01:34.196Z"}}
{"level":"info","message":{"duration":1,"params":"[null,\"Barang keren\",\"1234QWER@\",1]","query":"INSERT INTO `keren`.`items` (`id`,`name`,`description`,`id_user`) VALUES (?,?,?,?)","target":"quaint::connector::metrics","timestamp":"2025-04-04T00:01:34.197Z"}}
{"level":"info","message":{"duration":0,"params":"[2,1,0]","query":"SELECT `keren`.`items`.`id`, `keren`.`items`.`name`, `keren`.`items`.`description`, `keren`.`items`.`id_user` FROM `keren`.`items` WHERE `keren`.`items`.`id` = ? LIMIT ? OFFSET ?","target":"quaint::connector::metrics","timestamp":"2025-04-04T00:01:34.198Z"}}
{"level":"info","message":{"duration":4,"params":"[]","query":"COMMIT","target":"quaint::connector::metrics","timestamp":"2025-04-04T00:01:34.202Z"}}
{"level":"info","message":{"duration":0,"params":"[\"Muhammad Dani Nasution\",1,0]","query":"SELECT `keren`.`users`.`id`, `keren`.`users`.`username`, `keren`.`users`.`password` FROM `keren`.`users` WHERE `keren`.`users`.`username` = ? LIMIT ? OFFSET ?","target":"quaint::connector::metrics","timestamp":"2025-04-04T00:01:44.575Z"}}
{"level":"info","message":"App start"}
{"level":"info","message":"App start"}
{"level":"info","message":"Starting a mysql pool with 29 connections.","target":"quaint::pooled","timestamp":"2025-04-04T00:03:10.288Z"}
{"level":"info","message":{"duration":0,"params":"[\"Muhammad Dani Nasution\",1,0]","query":"SELECT `keren`.`users`.`id`, `keren`.`users`.`username`, `keren`.`users`.`password` FROM `keren`.`users` WHERE `keren`.`users`.`username` = ? LIMIT ? OFFSET ?","target":"quaint::connector::metrics","timestamp":"2025-04-04T00:03:10.303Z"}}
{"level":"info","message":{"duration":0,"params":"[]","query":"BEGIN","target":"quaint::connector::metrics","timestamp":"2025-04-04T00:03:10.307Z"}}
{"level":"info","message":{"duration":0,"params":"[null,\"Barang keren cuy\",\"1234QWER@\",1]","query":"INSERT INTO `keren`.`items` (`id`,`name`,`description`,`id_user`) VALUES (?,?,?,?)","target":"quaint::connector::metrics","timestamp":"2025-04-04T00:03:10.308Z"}}
{"level":"info","message":{"duration":0,"params":"[3,1,0]","query":"SELECT `keren`.`items`.`id`, `keren`.`items`.`name`, `keren`.`items`.`description`, `keren`.`items`.`id_user` FROM `keren`.`items` WHERE `keren`.`items`.`id` = ? LIMIT ? OFFSET ?","target":"quaint::connector::metrics","timestamp":"2025-04-04T00:03:10.308Z"}}
{"level":"info","message":{"duration":1,"params":"[]","query":"COMMIT","target":"quaint::connector::metrics","timestamp":"2025-04-04T00:03:10.310Z"}}
{"level":"info","message":{"duration":0,"params":"[\"Muhammad Dani Nasution\",1,0]","query":"SELECT `keren`.`users`.`id`, `keren`.`users`.`username`, `keren`.`users`.`password` FROM `keren`.`users` WHERE `keren`.`users`.`username` = ? LIMIT ? OFFSET ?","target":"quaint::connector::metrics","timestamp":"2025-04-04T00:03:22.318Z"}}
{"level":"info","message":{"duration":0,"params":"[]","query":"BEGIN","target":"quaint::connector::metrics","timestamp":"2025-04-04T00:03:22.320Z"}}
{"level":"info","message":{"duration":0,"params":"[null,\"Barang keren cuy\",\"1234QWER@\",1]","query":"INSERT INTO `keren`.`items` (`id`,`name`,`description`,`id_user`) VALUES (?,?,?,?)","target":"quaint::connector::metrics","timestamp":"2025-04-04T00:03:22.321Z"}}
{"level":"info","message":{"duration":0,"params":"[4,1,0]","query":"SELECT `keren`.`items`.`id`, `keren`.`items`.`name`, `keren`.`items`.`description`, `keren`.`items`.`id_user` FROM `keren`.`items` WHERE `keren`.`items`.`id` = ? LIMIT ? OFFSET ?","target":"quaint::connector::metrics","timestamp":"2025-04-04T00:03:22.321Z"}}
{"level":"info","message":{"duration":3,"params":"[]","query":"COMMIT","target":"quaint::connector::metrics","timestamp":"2025-04-04T00:03:22.324Z"}}
{"level":"info","message":{"duration":0,"params":"[]","query":"SELECT 1","target":"quaint::connector::metrics","timestamp":"2025-04-04T00:03:41.031Z"}}
{"level":"info","message":{"duration":0,"params":"[\"Muhammad Dani Nasution\",1,0]","query":"SELECT `keren`.`users`.`id`, `keren`.`users`.`username`, `keren`.`users`.`password` FROM `keren`.`users` WHERE `keren`.`users`.`username` = ? LIMIT ? OFFSET ?","target":"quaint::connector::metrics","timestamp":"2025-04-04T00:03:41.032Z"}}
{"level":"info","message":{"duration":0,"params":"[]","query":"BEGIN","target":"quaint::connector::metrics","timestamp":"2025-04-04T00:03:41.033Z"}}
{"level":"info","message":{"duration":0,"params":"[null,\"Tadi salah\",\"1234QWER@\",1]","query":"INSERT INTO `keren`.`items` (`id`,`name`,`description`,`id_user`) VALUES (?,?,?,?)","target":"quaint::connector::metrics","timestamp":"2025-04-04T00:03:41.033Z"}}
{"level":"info","message":{"duration":0,"params":"[5,1,0]","query":"SELECT `keren`.`items`.`id`, `keren`.`items`.`name`, `keren`.`items`.`description`, `keren`.`items`.`id_user` FROM `keren`.`items` WHERE `keren`.`items`.`id` = ? LIMIT ? OFFSET ?","target":"quaint::connector::metrics","timestamp":"2025-04-04T00:03:41.034Z"}}
{"level":"info","message":{"duration":3,"params":"[]","query":"COMMIT","target":"quaint::connector::metrics","timestamp":"2025-04-04T00:03:41.038Z"}}
{"level":"info","message":{"duration":0,"params":"[\"Muhammad Dani Nasution\",1,0]","query":"SELECT `keren`.`users`.`id`, `keren`.`users`.`username`, `keren`.`users`.`password` FROM `keren`.`users` WHERE `keren`.`users`.`username` = ? LIMIT ? OFFSET ?","target":"quaint::connector::metrics","timestamp":"2025-04-04T00:03:45.663Z"}}
{"level":"info","message":{"duration":0,"params":"[]","query":"BEGIN","target":"quaint::connector::metrics","timestamp":"2025-04-04T00:03:45.666Z"}}
{"level":"info","message":{"duration":0,"params":"[null,\"Tadi salah\",\"1\",1]","query":"INSERT INTO `keren`.`items` (`id`,`name`,`description`,`id_user`) VALUES (?,?,?,?)","target":"quaint::connector::metrics","timestamp":"2025-04-04T00:03:45.666Z"}}
{"level":"info","message":{"duration":0,"params":"[6,1,0]","query":"SELECT `keren`.`items`.`id`, `keren`.`items`.`name`, `keren`.`items`.`description`, `keren`.`items`.`id_user` FROM `keren`.`items` WHERE `keren`.`items`.`id` = ? LIMIT ? OFFSET ?","target":"quaint::connector::metrics","timestamp":"2025-04-04T00:03:45.667Z"}}
{"level":"info","message":{"duration":4,"params":"[]","query":"COMMIT","target":"quaint::connector::metrics","timestamp":"2025-04-04T00:03:45.671Z"}}
{"level":"info","message":{"duration":0,"params":"[]","query":"SELECT 1","target":"quaint::connector::metrics","timestamp":"2025-04-04T00:04:05.343Z"}}
{"level":"info","message":{"duration":0,"params":"[\"Muhammad Dani Nasution\",1,0]","query":"SELECT `keren`.`users`.`id`, `keren`.`users`.`username`, `keren`.`users`.`password` FROM `keren`.`users` WHERE `keren`.`users`.`username` = ? LIMIT ? OFFSET ?","target":"quaint::connector::metrics","timestamp":"2025-04-04T00:04:05.343Z"}}
{"level":"info","message":"App start"}
{"level":"info","message":"Starting a mysql pool with 29 connections.","target":"quaint::pooled","timestamp":"2025-04-04T00:05:07.838Z"}
{"level":"info","message":{"duration":0,"params":"[\"Muhammad Dani Nasution\",1,0]","query":"SELECT `keren`.`users`.`id`, `keren`.`users`.`username`, `keren`.`users`.`password` FROM `keren`.`users` WHERE `keren`.`users`.`username` = ? LIMIT ? OFFSET ?","target":"quaint::connector::metrics","timestamp":"2025-04-04T00:05:07.851Z"}}
{"level":"info","message":"App start"}
{"level":"info","message":"Starting a mysql pool with 29 connections.","target":"quaint::pooled","timestamp":"2025-04-04T00:08:03.017Z"}
{"level":"info","message":{"duration":0,"params":"[\"Muhammad Dani Nasution\",1,0]","query":"SELECT `keren`.`users`.`id`, `keren`.`users`.`username`, `keren`.`users`.`password` FROM `keren`.`users` WHERE `keren`.`users`.`username` = ? LIMIT ? OFFSET ?","target":"quaint::connector::metrics","timestamp":"2025-04-04T00:08:03.030Z"}}
{"level":"info","message":"App start"}
{"level":"info","message":"Starting a mysql pool with 29 connections.","target":"quaint::pooled","timestamp":"2025-04-04T00:09:24.821Z"}
{"level":"info","message":{"duration":0,"params":"[\"Muhammad Dani Nasution\",1,0]","query":"SELECT `keren`.`users`.`id`, `keren`.`users`.`username`, `keren`.`users`.`password` FROM `keren`.`users` WHERE `keren`.`users`.`username` = ? LIMIT ? OFFSET ?","target":"quaint::connector::metrics","timestamp":"2025-04-04T00:09:24.834Z"}}
{"level":"info","message":"App start"}
{"level":"info","message":"Starting a mysql pool with 29 connections.","target":"quaint::pooled","timestamp":"2025-04-04T00:09:40.436Z"}
{"level":"info","message":{"duration":0,"params":"[\"Muhammad Dani Nasution\",1,0]","query":"SELECT `keren`.`users`.`id`, `keren`.`users`.`username`, `keren`.`users`.`password` FROM `keren`.`users` WHERE `keren`.`users`.`username` = ? LIMIT ? OFFSET ?","target":"quaint::connector::metrics","timestamp":"2025-04-04T00:09:40.449Z"}}
{"level":"info","message":{"duration":0,"params":"[]","query":"SELECT 1","target":"quaint::connector::metrics","timestamp":"2025-04-04T00:09:58.067Z"}}
{"level":"info","message":{"duration":0,"params":"[\"Muhammad Dani Nasution\",1,0]","query":"SELECT `keren`.`users`.`id`, `keren`.`users`.`username`, `keren`.`users`.`password` FROM `keren`.`users` WHERE `keren`.`users`.`username` = ? LIMIT ? OFFSET ?","target":"quaint::connector::metrics","timestamp":"2025-04-04T00:09:58.067Z"}}
{"level":"info","message":{"duration":0,"params":"[]","query":"SELECT 1","target":"quaint::connector::metrics","timestamp":"2025-04-04T00:11:04.674Z"}}
{"level":"info","message":{"duration":0,"params":"[\"Muhammad Dani Nasution\",1,0]","query":"SELECT `keren`.`users`.`id`, `keren`.`users`.`username`, `keren`.`users`.`password` FROM `keren`.`users` WHERE `keren`.`users`.`username` = ? LIMIT ? OFFSET ?","target":"quaint::connector::metrics","timestamp":"2025-04-04T00:11:04.674Z"}}
{"level":"info","message":{"duration":0,"params":"[\"Muhammad Dani Nasution\",1,0]","query":"SELECT `keren`.`users`.`id`, `keren`.`users`.`username`, `keren`.`users`.`password` FROM `keren`.`users` WHERE `keren`.`users`.`username` = ? LIMIT ? OFFSET ?","target":"quaint::connector::metrics","timestamp":"2025-04-04T00:22:09.571Z"}}
{"level":"info","message":{"duration":0,"params":"[\"Muhammad Dani Nasution\",1,0]","query":"SELECT `keren`.`users`.`id`, `keren`.`users`.`username`, `keren`.`users`.`password` FROM `keren`.`users` WHERE `keren`.`users`.`username` = ? LIMIT ? OFFSET ?","target":"quaint::connector::metrics","timestamp":"2025-04-04T00:22:12.646Z"}}
{"level":"info","message":{"duration":0,"params":"[\"Muhammad Dani Nasution\",1,0]","query":"SELECT `keren`.`users`.`id`, `keren`.`users`.`username`, `keren`.`users`.`password` FROM `keren`.`users` WHERE `keren`.`users`.`username` = ? LIMIT ? OFFSET ?","target":"quaint::connector::metrics","timestamp":"2025-04-04T00:22:13.006Z"}}
{"level":"info","message":{"duration":0,"params":"[\"Muhammad Dani Nasution\",1,0]","query":"SELECT `keren`.`users`.`id`, `keren`.`users`.`username`, `keren`.`users`.`password` FROM `keren`.`users` WHERE `keren`.`users`.`username` = ? LIMIT ? OFFSET ?","target":"quaint::connector::metrics","timestamp":"2025-04-04T00:22:22.075Z"}}
{"level":"info","message":{"duration":0,"params":"[]","query":"SELECT 1","target":"quaint::connector::metrics","timestamp":"2025-04-04T00:22:35.547Z"}}
{"level":"info","message":{"duration":0,"params":"[\"Muhammad Dani Nasution\",1,0]","query":"SELECT `keren`.`users`.`id`, `keren`.`users`.`username`, `keren`.`users`.`password` FROM `keren`.`users` WHERE `keren`.`users`.`username` = ? LIMIT ? OFFSET ?","target":"quaint::connector::metrics","timestamp":"2025-04-04T00:22:35.548Z"}}
{"level":"info","message":{"duration":0,"params":"[]","query":"SELECT 1","target":"quaint::connector::metrics","timestamp":"2025-04-04T00:23:34.076Z"}}
{"level":"info","message":{"duration":0,"params":"[\"Muhammad Dani Nasution\",1,0]","query":"SELECT `keren`.`users`.`id`, `keren`.`users`.`username`, `keren`.`users`.`password` FROM `keren`.`users` WHERE `keren`.`users`.`username` = ? LIMIT ? OFFSET ?","target":"quaint::connector::metrics","timestamp":"2025-04-04T00:23:34.077Z"}}
{"level":"info","message":{"duration":0,"params":"[\"Muhammad Dani Nasution\",1,0]","query":"SELECT `keren`.`users`.`id`, `keren`.`users`.`username`, `keren`.`users`.`password` FROM `keren`.`users` WHERE `keren`.`users`.`username` = ? LIMIT ? OFFSET ?","target":"quaint::connector::metrics","timestamp":"2025-04-04T00:23:36.927Z"}}
{"level":"info","message":{"duration":0,"params":"[]","query":"BEGIN","target":"quaint::connector::metrics","timestamp":"2025-04-04T00:23:36.929Z"}}
{"level":"info","message":{"duration":0,"params":"[null,\"Tdddddddddd\",\"1234QWER@\",1]","query":"INSERT INTO `keren`.`items` (`id`,`name`,`description`,`id_user`) VALUES (?,?,?,?)","target":"quaint::connector::metrics","timestamp":"2025-04-04T00:23:36.929Z"}}
{"level":"info","message":{"duration":0,"params":"[7,1,0]","query":"SELECT `keren`.`items`.`id`, `keren`.`items`.`name`, `keren`.`items`.`description`, `keren`.`items`.`id_user` FROM `keren`.`items` WHERE `keren`.`items`.`id` = ? LIMIT ? OFFSET ?","target":"quaint::connector::metrics","timestamp":"2025-04-04T00:23:36.929Z"}}
{"level":"info","message":{"duration":3,"params":"[]","query":"COMMIT","target":"quaint::connector::metrics","timestamp":"2025-04-04T00:23:36.933Z"}}
{"level":"info","message":{"duration":0,"params":"[\"Muhammad Dani Nasution\",1,0]","query":"SELECT `keren`.`users`.`id`, `keren`.`users`.`username`, `keren`.`users`.`password` FROM `keren`.`users` WHERE `keren`.`users`.`username` = ? LIMIT ? OFFSET ?","target":"quaint::connector::metrics","timestamp":"2025-04-04T00:23:45.113Z"}}
{"level":"info","message":"App start"}
{"level":"info","message":"Starting a mysql pool with 29 connections.","target":"quaint::pooled","timestamp":"2025-04-04T00:24:40.269Z"}
{"level":"info","message":{"duration":0,"params":"[\"Muhammad Dani Nasution\",1,0]","query":"SELECT `keren`.`users`.`id`, `keren`.`users`.`username`, `keren`.`users`.`password` FROM `keren`.`users` WHERE `keren`.`users`.`username` = ? LIMIT ? OFFSET ?","target":"quaint::connector::metrics","timestamp":"2025-04-04T00:24:40.282Z"}}
{"level":"info","message":"App start"}
{"level":"info","message":"Starting a mysql pool with 29 connections.","target":"quaint::pooled","timestamp":"2025-04-04T00:25:55.395Z"}
{"level":"info","message":{"duration":0,"params":"[\"Muhammad Dani Nasution\",1,0]","query":"SELECT `keren`.`users`.`id`, `keren`.`users`.`username`, `keren`.`users`.`password` FROM `keren`.`users` WHERE `keren`.`users`.`username` = ? LIMIT ? OFFSET ?","target":"quaint::connector::metrics","timestamp":"2025-04-04T00:25:55.408Z"}}
{"level":"info","message":{"duration":0,"params":"[]","query":"BEGIN","target":"quaint::connector::metrics","timestamp":"2025-04-04T00:25:55.414Z"}}
{"level":"info","message":{"duration":0,"params":"[7]","query":"SELECT `keren`.`items`.`id` FROM `keren`.`items` WHERE (`keren`.`items`.`id` = ? AND 1=1)","target":"quaint::connector::metrics","timestamp":"2025-04-04T00:25:55.415Z"}}
{"level":"info","message":{"duration":1,"params":"[\"Tddddddddv\",\"1234QWER@\",7,7]","query":"UPDATE `keren`.`items` SET `name` = ?, `description` = ? WHERE (`keren`.`items`.`id` IN (?) AND (`keren`.`items`.`id` = ? AND 1=1))","target":"quaint::connector::metrics","timestamp":"2025-04-04T00:25:55.418Z"}}
{"level":"info","message":{"duration":0,"params":"[7,1,0]","query":"SELECT `keren`.`items`.`id`, `keren`.`items`.`name`, `keren`.`items`.`description`, `keren`.`items`.`id_user` FROM `keren`.`items` WHERE `keren`.`items`.`id` = ? LIMIT ? OFFSET ?","target":"quaint::connector::metrics","timestamp":"2025-04-04T00:25:55.419Z"}}
{"level":"info","message":{"duration":1,"params":"[]","query":"COMMIT","target":"quaint::connector::metrics","timestamp":"2025-04-04T00:25:55.420Z"}}
{"level":"info","message":{"duration":0,"params":"[\"Muhammad Dani Nasution\",1,0]","query":"SELECT `keren`.`users`.`id`, `keren`.`users`.`username`, `keren`.`users`.`password` FROM `keren`.`users` WHERE `keren`.`users`.`username` = ? LIMIT ? OFFSET ?","target":"quaint::connector::metrics","timestamp":"2025-04-04T00:26:03.682Z"}}
{"level":"info","message":{"duration":0,"params":"[]","query":"BEGIN","target":"quaint::connector::metrics","timestamp":"2025-04-04T00:26:03.684Z"}}
{"level":"info","message":{"duration":0,"params":"[7]","query":"SELECT `keren`.`items`.`id` FROM `keren`.`items` WHERE (`keren`.`items`.`id` = ? AND 1=1)","target":"quaint::connector::metrics","timestamp":"2025-04-04T00:26:03.685Z"}}
{"level":"info","message":{"duration":0,"params":"[\"Tdddddwedddv\",\"1234QWER@\",7,7]","query":"UPDATE `keren`.`items` SET `name` = ?, `description` = ? WHERE (`keren`.`items`.`id` IN (?) AND (`keren`.`items`.`id` = ? AND 1=1))","target":"quaint::connector::metrics","timestamp":"2025-04-04T00:26:03.685Z"}}
{"level":"info","message":{"duration":0,"params":"[7,1,0]","query":"SELECT `keren`.`items`.`id`, `keren`.`items`.`name`, `keren`.`items`.`description`, `keren`.`items`.`id_user` FROM `keren`.`items` WHERE `keren`.`items`.`id` = ? LIMIT ? OFFSET ?","target":"quaint::connector::metrics","timestamp":"2025-04-04T00:26:03.685Z"}}
{"level":"info","message":{"duration":3,"params":"[]","query":"COMMIT","target":"quaint::connector::metrics","timestamp":"2025-04-04T00:26:03.688Z"}}
{"level":"info","message":{"duration":0,"params":"[]","query":"SELECT 1","target":"quaint::connector::metrics","timestamp":"2025-04-04T00:26:15.157Z"}}
{"level":"info","message":{"duration":0,"params":"[\"Muhammad Dani Nasution\",1,0]","query":"SELECT `keren`.`users`.`id`, `keren`.`users`.`username`, `keren`.`users`.`password` FROM `keren`.`users` WHERE `keren`.`users`.`username` = ? LIMIT ? OFFSET ?","target":"quaint::connector::metrics","timestamp":"2025-04-04T00:26:15.158Z"}}
{"level":"info","message":{"duration":0,"params":"[\"Muhammad Dani Nasution\",1,0]","query":"SELECT `keren`.`users`.`id`, `keren`.`users`.`username`, `keren`.`users`.`password` FROM `keren`.`users` WHERE `keren`.`users`.`username` = ? LIMIT ? OFFSET ?","target":"quaint::connector::metrics","timestamp":"2025-04-04T00:26:20.642Z"}}
{"level":"info","message":{"duration":0,"params":"[\"Muhammad Dani Nasution\",1,0]","query":"SELECT `keren`.`users`.`id`, `keren`.`users`.`username`, `keren`.`users`.`password` FROM `keren`.`users` WHERE `keren`.`users`.`username` = ? LIMIT ? OFFSET ?","target":"quaint::connector::metrics","timestamp":"2025-04-04T00:26:24.869Z"}}
{"level":"info","message":{"duration":0,"params":"[\"Muhammad Dani Nasution\",1,0]","query":"SELECT `keren`.`users`.`id`, `keren`.`users`.`username`, `keren`.`users`.`password` FROM `keren`.`users` WHERE `keren`.`users`.`username` = ? LIMIT ? OFFSET ?","target":"quaint::connector::metrics","timestamp":"2025-04-04T00:26:29.400Z"}}
{"level":"info","message":{"duration":0,"params":"[]","query":"SELECT 1","target":"quaint::connector::metrics","timestamp":"2025-04-04T00:26:34.810Z"}}
{"level":"info","message":{"duration":0,"params":"[\"Muhammad Dani Nasution\",1,0]","query":"SELECT `keren`.`users`.`id`, `keren`.`users`.`username`, `keren`.`users`.`password` FROM `keren`.`users` WHERE `keren`.`users`.`username` = ? LIMIT ? OFFSET ?","target":"quaint::connector::metrics","timestamp":"2025-04-04T00:26:34.810Z"}}
{"level":"info","message":{"duration":0,"params":"[]","query":"BEGIN","target":"quaint::connector::metrics","timestamp":"2025-04-04T00:26:34.812Z"}}
{"level":"info","message":{"duration":0,"params":"[7]","query":"SELECT `keren`.`items`.`id` FROM `keren`.`items` WHERE (`keren`.`items`.`id` = ? AND 1=1)","target":"quaint::connector::metrics","timestamp":"2025-04-04T00:26:34.812Z"}}
{"level":"info","message":{"duration":0,"params":"[\"Tdddddwedddv\",\"1234QWER@\",7,7]","query":"UPDATE `keren`.`items` SET `name` = ?, `description` = ? WHERE (`keren`.`items`.`id` IN (?) AND (`keren`.`items`.`id` = ? AND 1=1))","target":"quaint::connector::metrics","timestamp":"2025-04-04T00:26:34.812Z"}}
{"level":"info","message":{"duration":0,"params":"[7,1,0]","query":"SELECT `keren`.`items`.`id`, `keren`.`items`.`name`, `keren`.`items`.`description`, `keren`.`items`.`id_user` FROM `keren`.`items` WHERE `keren`.`items`.`id` = ? LIMIT ? OFFSET ?","target":"quaint::connector::metrics","timestamp":"2025-04-04T00:26:34.813Z"}}
{"level":"info","message":{"duration":0,"params":"[]","query":"COMMIT","target":"quaint::connector::metrics","timestamp":"2025-04-04T00:26:34.813Z"}}
{"level":"info","message":{"duration":0,"params":"[]","query":"SELECT 1","target":"quaint::connector::metrics","timestamp":"2025-04-04T00:26:50.914Z"}}
{"level":"info","message":{"duration":0,"params":"[\"Muhammad Dani Nasution\",1,0]","query":"SELECT `keren`.`users`.`id`, `keren`.`users`.`username`, `keren`.`users`.`password` FROM `keren`.`users` WHERE `keren`.`users`.`username` = ? LIMIT ? OFFSET ?","target":"quaint::connector::metrics","timestamp":"2025-04-04T00:26:50.914Z"}}
{"level":"info","message":{"duration":0,"params":"[]","query":"BEGIN","target":"quaint::connector::metrics","timestamp":"2025-04-04T00:26:50.915Z"}}
{"level":"info","message":{"duration":0,"params":"[7]","query":"SELECT `keren`.`items`.`id` FROM `keren`.`items` WHERE (`keren`.`items`.`id` = ? AND 1=1)","target":"quaint::connector::metrics","timestamp":"2025-04-04T00:26:50.916Z"}}
{"level":"info","message":{"duration":0,"params":"[\"Tdddddwedddv\",\"1234QWER@\",7,7]","query":"UPDATE `keren`.`items` SET `name` = ?, `description` = ? WHERE (`keren`.`items`.`id` IN (?) AND (`keren`.`items`.`id` = ? AND 1=1))","target":"quaint::connector::metrics","timestamp":"2025-04-04T00:26:50.916Z"}}
{"level":"info","message":{"duration":0,"params":"[7,1,0]","query":"SELECT `keren`.`items`.`id`, `keren`.`items`.`name`, `keren`.`items`.`description`, `keren`.`items`.`id_user` FROM `keren`.`items` WHERE `keren`.`items`.`id` = ? LIMIT ? OFFSET ?","target":"quaint::connector::metrics","timestamp":"2025-04-04T00:26:50.916Z"}}
{"level":"info","message":{"duration":0,"params":"[]","query":"COMMIT","target":"quaint::connector::metrics","timestamp":"2025-04-04T00:26:50.916Z"}}
{"level":"info","message":{"duration":0,"params":"[\"Muhammad Dani Nasution\",1,0]","query":"SELECT `keren`.`users`.`id`, `keren`.`users`.`username`, `keren`.`users`.`password` FROM `keren`.`users` WHERE `keren`.`users`.`username` = ? LIMIT ? OFFSET ?","target":"quaint::connector::metrics","timestamp":"2025-04-04T00:26:53.601Z"}}
{"level":"info","message":{"duration":0,"params":"[]","query":"BEGIN","target":"quaint::connector::metrics","timestamp":"2025-04-04T00:26:53.602Z"}}
{"level":"info","message":{"duration":0,"params":"[7]","query":"SELECT `keren`.`items`.`id` FROM `keren`.`items` WHERE (`keren`.`items`.`id` = ? AND 1=1)","target":"quaint::connector::metrics","timestamp":"2025-04-04T00:26:53.603Z"}}
{"level":"info","message":{"duration":0,"params":"[\"Tdddddwedddv\",\"1234QWER@\",7,7]","query":"UPDATE `keren`.`items` SET `name` = ?, `description` = ? WHERE (`keren`.`items`.`id` IN (?) AND (`keren`.`items`.`id` = ? AND 1=1))","target":"quaint::connector::metrics","timestamp":"2025-04-04T00:26:53.603Z"}}
{"level":"info","message":{"duration":0,"params":"[7,1,0]","query":"SELECT `keren`.`items`.`id`, `keren`.`items`.`name`, `keren`.`items`.`description`, `keren`.`items`.`id_user` FROM `keren`.`items` WHERE `keren`.`items`.`id` = ? LIMIT ? OFFSET ?","target":"quaint::connector::metrics","timestamp":"2025-04-04T00:26:53.604Z"}}
{"level":"info","message":{"duration":0,"params":"[]","query":"COMMIT","target":"quaint::connector::metrics","timestamp":"2025-04-04T00:26:53.604Z"}}
{"level":"info","message":{"duration":0,"params":"[\"Muhammad Dani Nasution\",1,0]","query":"SELECT `keren`.`users`.`id`, `keren`.`users`.`username`, `keren`.`users`.`password` FROM `keren`.`users` WHERE `keren`.`users`.`username` = ? LIMIT ? OFFSET ?","target":"quaint::connector::metrics","timestamp":"2025-04-04T00:26:56.215Z"}}
{"level":"info","message":{"duration":0,"params":"[]","query":"BEGIN","target":"quaint::connector::metrics","timestamp":"2025-04-04T00:26:56.216Z"}}
{"level":"info","message":{"duration":0,"params":"[7]","query":"SELECT `keren`.`items`.`id` FROM `keren`.`items` WHERE (`keren`.`items`.`id` = ? AND 1=1)","target":"quaint::connector::metrics","timestamp":"2025-04-04T00:26:56.217Z"}}
{"level":"info","message":{"duration":0,"params":"[\"Tdddddwedddv\",\"1234QWER@\",7,7]","query":"UPDATE `keren`.`items` SET `name` = ?, `description` = ? WHERE (`keren`.`items`.`id` IN (?) AND (`keren`.`items`.`id` = ? AND 1=1))","target":"quaint::connector::metrics","timestamp":"2025-04-04T00:26:56.217Z"}}
{"level":"info","message":{"duration":0,"params":"[7,1,0]","query":"SELECT `keren`.`items`.`id`, `keren`.`items`.`name`, `keren`.`items`.`description`, `keren`.`items`.`id_user` FROM `keren`.`items` WHERE `keren`.`items`.`id` = ? LIMIT ? OFFSET ?","target":"quaint::connector::metrics","timestamp":"2025-04-04T00:26:56.217Z"}}
{"level":"info","message":{"duration":0,"params":"[]","query":"COMMIT","target":"quaint::connector::metrics","timestamp":"2025-04-04T00:26:56.217Z"}}
{"level":"info","message":"App start"}
{"level":"info","message":"Starting a mysql pool with 29 connections.","target":"quaint::pooled","timestamp":"2025-04-04T00:27:05.928Z"}
{"level":"info","message":{"duration":0,"params":"[\"Muhammad Dani Nasution\",1,0]","query":"SELECT `keren`.`users`.`id`, `keren`.`users`.`username`, `keren`.`users`.`password` FROM `keren`.`users` WHERE `keren`.`users`.`username` = ? LIMIT ? OFFSET ?","target":"quaint::connector::metrics","timestamp":"2025-04-04T00:27:05.942Z"}}
{"level":"info","message":{"duration":0,"params":"[]","query":"BEGIN","target":"quaint::connector::metrics","timestamp":"2025-04-04T00:27:05.946Z"}}
{"level":"info","message":{"duration":0,"params":"[null,\"Tdddddwedddv\",\"1234QWER@\",1]","query":"INSERT INTO `keren`.`items` (`id`,`name`,`description`,`id_user`) VALUES (?,?,?,?)","target":"quaint::connector::metrics","timestamp":"2025-04-04T00:27:05.946Z"}}
{"level":"info","message":{"duration":0,"params":"[8,1,0]","query":"SELECT `keren`.`items`.`id`, `keren`.`items`.`name`, `keren`.`items`.`description`, `keren`.`items`.`id_user` FROM `keren`.`items` WHERE `keren`.`items`.`id` = ? LIMIT ? OFFSET ?","target":"quaint::connector::metrics","timestamp":"2025-04-04T00:27:05.947Z"}}
{"level":"info","message":{"duration":2,"params":"[]","query":"COMMIT","target":"quaint::connector::metrics","timestamp":"2025-04-04T00:27:05.950Z"}}
{"level":"info","message":{"duration":0,"params":"[\"Muhammad Dani Nasution\",1,0]","query":"SELECT `keren`.`users`.`id`, `keren`.`users`.`username`, `keren`.`users`.`password` FROM `keren`.`users` WHERE `keren`.`users`.`username` = ? LIMIT ? OFFSET ?","target":"quaint::connector::metrics","timestamp":"2025-04-04T00:27:09.366Z"}}
{"level":"info","message":"App start"}
{"level":"info","message":"Starting a mysql pool with 29 connections.","target":"quaint::pooled","timestamp":"2025-04-04T00:28:04.915Z"}
{"level":"info","message":{"duration":0,"params":"[\"Muhammad Dani Nasution\",1,0]","query":"SELECT `keren`.`users`.`id`, `keren`.`users`.`username`, `keren`.`users`.`password` FROM `keren`.`users` WHERE `keren`.`users`.`username` = ? LIMIT ? OFFSET ?","target":"quaint::connector::metrics","timestamp":"2025-04-04T00:28:04.929Z"}}
{"level":"info","message":"App start"}
{"level":"info","message":"Starting a mysql pool with 29 connections.","target":"quaint::pooled","timestamp":"2025-04-04T00:28:25.063Z"}
{"level":"info","message":{"duration":0,"params":"[\"Muhammad Dani Nasution\",1,0]","query":"SELECT `keren`.`users`.`id`, `keren`.`users`.`username`, `keren`.`users`.`password` FROM `keren`.`users` WHERE `keren`.`users`.`username` = ? LIMIT ? OFFSET ?","target":"quaint::connector::metrics","timestamp":"2025-04-04T00:28:25.076Z"}}
{"level":"info","message":"App start"}
{"level":"info","message":"Starting a mysql pool with 29 connections.","target":"quaint::pooled","timestamp":"2025-04-04T00:29:42.458Z"}
{"level":"info","message":{"duration":0,"params":"[\"Muhammad Dani Nasution\",1,0]","query":"SELECT `keren`.`users`.`id`, `keren`.`users`.`username`, `keren`.`users`.`password` FROM `keren`.`users` WHERE `keren`.`users`.`username` = ? LIMIT ? OFFSET ?","target":"quaint::connector::metrics","timestamp":"2025-04-04T00:29:42.471Z"}}
{"level":"info","message":"App start"}
{"level":"info","message":"Starting a mysql pool with 29 connections.","target":"quaint::pooled","timestamp":"2025-04-04T00:30:27.308Z"}
{"level":"info","message":{"duration":0,"params":"[\"Muhammad Dani Nasution\",1,0]","query":"SELECT `keren`.`users`.`id`, `keren`.`users`.`username`, `keren`.`users`.`password` FROM `keren`.`users` WHERE `keren`.`users`.`username` = ? LIMIT ? OFFSET ?","target":"quaint::connector::metrics","timestamp":"2025-04-04T00:30:27.321Z"}}
{"level":"info","message":"App start"}
{"level":"info","message":"Starting a mysql pool with 29 connections.","target":"quaint::pooled","timestamp":"2025-04-04T00:31:31.240Z"}
{"level":"info","message":{"duration":0,"params":"[\"Muhammad Dani Nasution\",1,0]","query":"SELECT `keren`.`users`.`id`, `keren`.`users`.`username`, `keren`.`users`.`password` FROM `keren`.`users` WHERE `keren`.`users`.`username` = ? LIMIT ? OFFSET ?","target":"quaint::connector::metrics","timestamp":"2025-04-04T00:31:31.255Z"}}
{"level":"info","message":"App start"}
{"level":"info","message":"Starting a mysql pool with 29 connections.","target":"quaint::pooled","timestamp":"2025-04-04T00:33:20.367Z"}
{"level":"info","message":{"duration":0,"params":"[\"Muhammad Dani Nasution\",1,0]","query":"SELECT `keren`.`users`.`id`, `keren`.`users`.`username`, `keren`.`users`.`password` FROM `keren`.`users` WHERE `keren`.`users`.`username` = ? LIMIT ? OFFSET ?","target":"quaint::connector::metrics","timestamp":"2025-04-04T00:33:20.382Z"}}
{"level":"info","message":"App start"}
{"level":"info","message":"Starting a mysql pool with 29 connections.","target":"quaint::pooled","timestamp":"2025-04-04T00:34:06.411Z"}
{"level":"info","message":{"duration":0,"params":"[\"Muhammad Dani Nasution\",1,0]","query":"SELECT `keren`.`users`.`id`, `keren`.`users`.`username`, `keren`.`users`.`password` FROM `keren`.`users` WHERE `keren`.`users`.`username` = ? LIMIT ? OFFSET ?","target":"quaint::connector::metrics","timestamp":"2025-04-04T00:34:06.424Z"}}
{"level":"info","message":"App start"}
{"level":"info","message":"Starting a mysql pool with 29 connections.","target":"quaint::pooled","timestamp":"2025-04-04T00:34:53.469Z"}
{"level":"info","message":{"duration":0,"params":"[\"Muhammad Dani Nasution\",1,0]","query":"SELECT `keren`.`users`.`id`, `keren`.`users`.`username`, `keren`.`users`.`password` FROM `keren`.`users` WHERE `keren`.`users`.`username` = ? LIMIT ? OFFSET ?","target":"quaint::connector::metrics","timestamp":"2025-04-04T00:34:53.483Z"}}
{"level":"info","message":{"duration":0,"params":"[]","query":"BEGIN","target":"quaint::connector::metrics","timestamp":"2025-04-04T00:34:53.486Z"}}
{"level":"info","message":{"duration":0,"params":"[1]","query":"SELECT `keren`.`items`.`id` FROM `keren`.`items` WHERE (`keren`.`items`.`id` = ? AND 1=1)","target":"quaint::connector::metrics","timestamp":"2025-04-04T00:34:53.487Z"}}
{"level":"info","message":{"duration":0,"params":"[\"Tdddddwedddv\",\"1234QWER@\",1,1]","query":"UPDATE `keren`.`items` SET `name` = ?, `description` = ? WHERE (`keren`.`items`.`id` IN (?) AND (`keren`.`items`.`id` = ? AND 1=1))","target":"quaint::connector::metrics","timestamp":"2025-04-04T00:34:53.488Z"}}
{"level":"info","message":{"duration":0,"params":"[1,1,0]","query":"SELECT `keren`.`items`.`id`, `keren`.`items`.`name`, `keren`.`items`.`description`, `keren`.`items`.`id_user` FROM `keren`.`items` WHERE `keren`.`items`.`id` = ? LIMIT ? OFFSET ?","target":"quaint::connector::metrics","timestamp":"2025-04-04T00:34:53.488Z"}}
{"level":"info","message":{"duration":3,"params":"[]","query":"COMMIT","target":"quaint::connector::metrics","timestamp":"2025-04-04T00:34:53.492Z"}}
{"level":"info","message":{"duration":0,"params":"[\"Muhammad Dani Nasution\",1,0]","query":"SELECT `keren`.`users`.`id`, `keren`.`users`.`username`, `keren`.`users`.`password` FROM `keren`.`users` WHERE `keren`.`users`.`username` = ? LIMIT ? OFFSET ?","target":"quaint::connector::metrics","timestamp":"2025-04-04T00:34:55.685Z"}}
{"level":"info","message":{"duration":0,"params":"[]","query":"BEGIN","target":"quaint::connector::metrics","timestamp":"2025-04-04T00:34:55.687Z"}}
{"level":"info","message":{"duration":0,"params":"[1]","query":"SELECT `keren`.`items`.`id` FROM `keren`.`items` WHERE (`keren`.`items`.`id` = ? AND 1=1)","target":"quaint::connector::metrics","timestamp":"2025-04-04T00:34:55.687Z"}}
{"level":"info","message":{"duration":0,"params":"[\"Tdddddwedddv\",\"1234QWER@\",1,1]","query":"UPDATE `keren`.`items` SET `name` = ?, `description` = ? WHERE (`keren`.`items`.`id` IN (?) AND (`keren`.`items`.`id` = ? AND 1=1))","target":"quaint::connector::metrics","timestamp":"2025-04-04T00:34:55.687Z"}}
{"level":"info","message":{"duration":0,"params":"[1,1,0]","query":"SELECT `keren`.`items`.`id`, `keren`.`items`.`name`, `keren`.`items`.`description`, `keren`.`items`.`id_user` FROM `keren`.`items` WHERE `keren`.`items`.`id` = ? LIMIT ? OFFSET ?","target":"quaint::connector::metrics","timestamp":"2025-04-04T00:34:55.687Z"}}
{"level":"info","message":{"duration":0,"params":"[]","query":"COMMIT","target":"quaint::connector::metrics","timestamp":"2025-04-04T00:34:55.688Z"}}
{"level":"info","message":{"duration":0,"params":"[\"Muhammad Dani Nasution\",1,0]","query":"SELECT `keren`.`users`.`id`, `keren`.`users`.`username`, `keren`.`users`.`password` FROM `keren`.`users` WHERE `keren`.`users`.`username` = ? LIMIT ? OFFSET ?","target":"quaint::connector::metrics","timestamp":"2025-04-04T00:34:58.456Z"}}
{"level":"info","message":{"duration":0,"params":"[]","query":"BEGIN","target":"quaint::connector::metrics","timestamp":"2025-04-04T00:34:58.457Z"}}
{"level":"info","message":{"duration":0,"params":"[2]","query":"SELECT `keren`.`items`.`id` FROM `keren`.`items` WHERE (`keren`.`items`.`id` = ? AND 1=1)","target":"quaint::connector::metrics","timestamp":"2025-04-04T00:34:58.458Z"}}
{"level":"info","message":{"duration":0,"params":"[\"Tdddddwedddv\",\"1234QWER@\",2,2]","query":"UPDATE `keren`.`items` SET `name` = ?, `description` = ? WHERE (`keren`.`items`.`id` IN (?) AND (`keren`.`items`.`id` = ? AND 1=1))","target":"quaint::connector::metrics","timestamp":"2025-04-04T00:34:58.458Z"}}
{"level":"info","message":{"duration":0,"params":"[2,1,0]","query":"SELECT `keren`.`items`.`id`, `keren`.`items`.`name`, `keren`.`items`.`description`, `keren`.`items`.`id_user` FROM `keren`.`items` WHERE `keren`.`items`.`id` = ? LIMIT ? OFFSET ?","target":"quaint::connector::metrics","timestamp":"2025-04-04T00:34:58.458Z"}}
{"level":"info","message":{"duration":3,"params":"[]","query":"COMMIT","target":"quaint::connector::metrics","timestamp":"2025-04-04T00:34:58.461Z"}}
{"level":"info","message":{"duration":0,"params":"[]","query":"SELECT 1","target":"quaint::connector::metrics","timestamp":"2025-04-04T00:35:39.794Z"}}
{"level":"info","message":{"duration":0,"params":"[\"Muhammad Dani Nasution\",1,0]","query":"SELECT `keren`.`users`.`id`, `keren`.`users`.`username`, `keren`.`users`.`password` FROM `keren`.`users` WHERE `keren`.`users`.`username` = ? LIMIT ? OFFSET ?","target":"quaint::connector::metrics","timestamp":"2025-04-04T00:35:39.795Z"}}
{"level":"info","message":{"duration":0,"params":"[]","query":"BEGIN","target":"quaint::connector::metrics","timestamp":"2025-04-04T00:35:39.797Z"}}
{"level":"info","message":{"duration":0,"params":"[2]","query":"SELECT `keren`.`items`.`id` FROM `keren`.`items` WHERE (`keren`.`items`.`id` = ? AND 1=1)","target":"quaint::connector::metrics","timestamp":"2025-04-04T00:35:39.797Z"}}
{"level":"info","message":{"duration":0,"params":"[\"Tdddddwedddv\",\"1234QWER@\",2,2]","query":"UPDATE `keren`.`items` SET `name` = ?, `description` = ? WHERE (`keren`.`items`.`id` IN (?) AND (`keren`.`items`.`id` = ? AND 1=1))","target":"quaint::connector::metrics","timestamp":"2025-04-04T00:35:39.797Z"}}
{"level":"info","message":{"duration":0,"params":"[2,1,0]","query":"SELECT `keren`.`items`.`id`, `keren`.`items`.`name`, `keren`.`items`.`description`, `keren`.`items`.`id_user` FROM `keren`.`items` WHERE `keren`.`items`.`id` = ? LIMIT ? OFFSET ?","target":"quaint::connector::metrics","timestamp":"2025-04-04T00:35:39.798Z"}}
{"level":"info","message":{"duration":0,"params":"[]","query":"COMMIT","target":"quaint::connector::metrics","timestamp":"2025-04-04T00:35:39.798Z"}}
{"level":"info","message":{"duration":0,"params":"[\"Muhammad Dani Nasution\",1,0]","query":"SELECT `keren`.`users`.`id`, `keren`.`users`.`username`, `keren`.`users`.`password` FROM `keren`.`users` WHERE `keren`.`users`.`username` = ? LIMIT ? OFFSET ?","target":"quaint::connector::metrics","timestamp":"2025-04-04T00:35:41.533Z"}}
{"level":"info","message":{"duration":0,"params":"[]","query":"BEGIN","target":"quaint::connector::metrics","timestamp":"2025-04-04T00:35:41.535Z"}}
{"level":"info","message":{"duration":0,"params":"[2]","query":"SELECT `keren`.`items`.`id` FROM `keren`.`items` WHERE (`keren`.`items`.`id` = ? AND 1=1)","target":"quaint::connector::metrics","timestamp":"2025-04-04T00:35:41.535Z"}}
{"level":"info","message":{"duration":0,"params":"[\"Tdddddwedddv\",\"1234QWER@\",2,2]","query":"UPDATE `keren`.`items` SET `name` = ?, `description` = ? WHERE (`keren`.`items`.`id` IN (?) AND (`keren`.`items`.`id` = ? AND 1=1))","target":"quaint::connector::metrics","timestamp":"2025-04-04T00:35:41.536Z"}}
{"level":"info","message":{"duration":0,"params":"[2,1,0]","query":"SELECT `keren`.`items`.`id`, `keren`.`items`.`name`, `keren`.`items`.`description`, `keren`.`items`.`id_user` FROM `keren`.`items` WHERE `keren`.`items`.`id` = ? LIMIT ? OFFSET ?","target":"quaint::connector::metrics","timestamp":"2025-04-04T00:35:41.536Z"}}
{"level":"info","message":{"duration":0,"params":"[]","query":"COMMIT","target":"quaint::connector::metrics","timestamp":"2025-04-04T00:35:41.536Z"}}
{"level":"info","message":{"duration":0,"params":"[\"Muhammad Dani Nasution\",1,0]","query":"SELECT `keren`.`users`.`id`, `keren`.`users`.`username`, `keren`.`users`.`password` FROM `keren`.`users` WHERE `keren`.`users`.`username` = ? LIMIT ? OFFSET ?","target":"quaint::connector::metrics","timestamp":"2025-04-04T00:35:42.999Z"}}
{"level":"info","message":{"duration":0,"params":"[]","query":"BEGIN","target":"quaint::connector::metrics","timestamp":"2025-04-04T00:35:43.001Z"}}
{"level":"info","message":{"duration":0,"params":"[2]","query":"SELECT `keren`.`items`.`id` FROM `keren`.`items` WHERE (`keren`.`items`.`id` = ? AND 1=1)","target":"quaint::connector::metrics","timestamp":"2025-04-04T00:35:43.002Z"}}
{"level":"info","message":{"duration":0,"params":"[\"Tdddddwedddv\",\"1234QWER@\",2,2]","query":"UPDATE `keren`.`items` SET `name` = ?, `description` = ? WHERE (`keren`.`items`.`id` IN (?) AND (`keren`.`items`.`id` = ? AND 1=1))","target":"quaint::connector::metrics","timestamp":"2025-04-04T00:35:43.002Z"}}
{"level":"info","message":{"duration":0,"params":"[2,1,0]","query":"SELECT `keren`.`items`.`id`, `keren`.`items`.`name`, `keren`.`items`.`description`, `keren`.`items`.`id_user` FROM `keren`.`items` WHERE `keren`.`items`.`id` = ? LIMIT ? OFFSET ?","target":"quaint::connector::metrics","timestamp":"2025-04-04T00:35:43.002Z"}}
{"level":"info","message":{"duration":0,"params":"[]","query":"COMMIT","target":"quaint::connector::metrics","timestamp":"2025-04-04T00:35:43.003Z"}}
{"level":"info","message":{"duration":0,"params":"[\"Muhammad Dani Nasution\",1,0]","query":"SELECT `keren`.`users`.`id`, `keren`.`users`.`username`, `keren`.`users`.`password` FROM `keren`.`users` WHERE `keren`.`users`.`username` = ? LIMIT ? OFFSET ?","target":"quaint::connector::metrics","timestamp":"2025-04-04T00:35:43.451Z"}}
{"level":"info","message":{"duration":0,"params":"[]","query":"BEGIN","target":"quaint::connector::metrics","timestamp":"2025-04-04T00:35:43.452Z"}}
{"level":"info","message":{"duration":0,"params":"[2]","query":"SELECT `keren`.`items`.`id` FROM `keren`.`items` WHERE (`keren`.`items`.`id` = ? AND 1=1)","target":"quaint::connector::metrics","timestamp":"2025-04-04T00:35:43.453Z"}}
{"level":"info","message":{"duration":0,"params":"[\"Tdddddwedddv\",\"1234QWER@\",2,2]","query":"UPDATE `keren`.`items` SET `name` = ?, `description` = ? WHERE (`keren`.`items`.`id` IN (?) AND (`keren`.`items`.`id` = ? AND 1=1))","target":"quaint::connector::metrics","timestamp":"2025-04-04T00:35:43.453Z"}}
{"level":"info","message":{"duration":0,"params":"[2,1,0]","query":"SELECT `keren`.`items`.`id`, `keren`.`items`.`name`, `keren`.`items`.`description`, `keren`.`items`.`id_user` FROM `keren`.`items` WHERE `keren`.`items`.`id` = ? LIMIT ? OFFSET ?","target":"quaint::connector::metrics","timestamp":"2025-04-04T00:35:43.453Z"}}
{"level":"info","message":{"duration":0,"params":"[]","query":"COMMIT","target":"quaint::connector::metrics","timestamp":"2025-04-04T00:35:43.454Z"}}
{"level":"info","message":{"duration":0,"params":"[\"Muhammad Dani Nasution\",1,0]","query":"SELECT `keren`.`users`.`id`, `keren`.`users`.`username`, `keren`.`users`.`password` FROM `keren`.`users` WHERE `keren`.`users`.`username` = ? LIMIT ? OFFSET ?","target":"quaint::connector::metrics","timestamp":"2025-04-04T00:35:44.726Z"}}
{"level":"info","message":{"duration":0,"params":"[]","query":"BEGIN","target":"quaint::connector::metrics","timestamp":"2025-04-04T00:35:44.727Z"}}
{"level":"info","message":{"duration":0,"params":"[2]","query":"SELECT `keren`.`items`.`id` FROM `keren`.`items` WHERE (`keren`.`items`.`id` = ? AND 1=1)","target":"quaint::connector::metrics","timestamp":"2025-04-04T00:35:44.728Z"}}
{"level":"info","message":{"duration":0,"params":"[\"Tdddddwedddv\",\"1234QWER@\",2,2]","query":"UPDATE `keren`.`items` SET `name` = ?, `description` = ? WHERE (`keren`.`items`.`id` IN (?) AND (`keren`.`items`.`id` = ? AND 1=1))","target":"quaint::connector::metrics","timestamp":"2025-04-04T00:35:44.728Z"}}
{"level":"info","message":{"duration":0,"params":"[2,1,0]","query":"SELECT `keren`.`items`.`id`, `keren`.`items`.`name`, `keren`.`items`.`description`, `keren`.`items`.`id_user` FROM `keren`.`items` WHERE `keren`.`items`.`id` = ? LIMIT ? OFFSET ?","target":"quaint::connector::metrics","timestamp":"2025-04-04T00:35:44.729Z"}}
{"level":"info","message":{"duration":0,"params":"[]","query":"COMMIT","target":"quaint::connector::metrics","timestamp":"2025-04-04T00:35:44.729Z"}}
{"level":"info","message":{"duration":0,"params":"[\"Muhammad Dani Nasution\",1,0]","query":"SELECT `keren`.`users`.`id`, `keren`.`users`.`username`, `keren`.`users`.`password` FROM `keren`.`users` WHERE `keren`.`users`.`username` = ? LIMIT ? OFFSET ?","target":"quaint::connector::metrics","timestamp":"2025-04-04T00:35:47.202Z"}}
{"level":"info","message":{"duration":0,"params":"[]","query":"BEGIN","target":"quaint::connector::metrics","timestamp":"2025-04-04T00:35:47.203Z"}}
{"level":"info","message":{"duration":0,"params":"[3]","query":"SELECT `keren`.`items`.`id` FROM `keren`.`items` WHERE (`keren`.`items`.`id` = ? AND 1=1)","target":"quaint::connector::metrics","timestamp":"2025-04-04T00:35:47.203Z"}}
{"level":"info","message":{"duration":0,"params":"[\"Tdddddwedddv\",\"1234QWER@\",3,3]","query":"UPDATE `keren`.`items` SET `name` = ?, `description` = ? WHERE (`keren`.`items`.`id` IN (?) AND (`keren`.`items`.`id` = ? AND 1=1))","target":"quaint::connector::metrics","timestamp":"2025-04-04T00:35:47.204Z"}}
{"level":"info","message":{"duration":0,"params":"[3,1,0]","query":"SELECT `keren`.`items`.`id`, `keren`.`items`.`name`, `keren`.`items`.`description`, `keren`.`items`.`id_user` FROM `keren`.`items` WHERE `keren`.`items`.`id` = ? LIMIT ? OFFSET ?","target":"quaint::connector::metrics","timestamp":"2025-04-04T00:35:47.204Z"}}
{"level":"info","message":{"duration":3,"params":"[]","query":"COMMIT","target":"quaint::connector::metrics","timestamp":"2025-04-04T00:35:47.208Z"}}
{"level":"info","message":{"duration":0,"params":"[\"Muhammad Dani Nasution\",1,0]","query":"SELECT `keren`.`users`.`id`, `keren`.`users`.`username`, `keren`.`users`.`password` FROM `keren`.`users` WHERE `keren`.`users`.`username` = ? LIMIT ? OFFSET ?","target":"quaint::connector::metrics","timestamp":"2025-04-04T00:35:50.266Z"}}
{"level":"info","message":{"duration":0,"params":"[]","query":"BEGIN","target":"quaint::connector::metrics","timestamp":"2025-04-04T00:35:50.268Z"}}
{"level":"info","message":{"duration":0,"params":"[4]","query":"SELECT `keren`.`items`.`id` FROM `keren`.`items` WHERE (`keren`.`items`.`id` = ? AND 1=1)","target":"quaint::connector::metrics","timestamp":"2025-04-04T00:35:50.268Z"}}
{"level":"info","message":{"duration":0,"params":"[\"Tdddddwedddv\",\"1234QWER@\",4,4]","query":"UPDATE `keren`.`items` SET `name` = ?, `description` = ? WHERE (`keren`.`items`.`id` IN (?) AND (`keren`.`items`.`id` = ? AND 1=1))","target":"quaint::connector::metrics","timestamp":"2025-04-04T00:35:50.268Z"}}
{"level":"info","message":{"duration":0,"params":"[4,1,0]","query":"SELECT `keren`.`items`.`id`, `keren`.`items`.`name`, `keren`.`items`.`description`, `keren`.`items`.`id_user` FROM `keren`.`items` WHERE `keren`.`items`.`id` = ? LIMIT ? OFFSET ?","target":"quaint::connector::metrics","timestamp":"2025-04-04T00:35:50.268Z"}}
{"level":"info","message":{"duration":3,"params":"[]","query":"COMMIT","target":"quaint::connector::metrics","timestamp":"2025-04-04T00:35:50.272Z"}}
{"level":"info","message":{"duration":0,"params":"[\"Muhammad Dani Nasution\",1,0]","query":"SELECT `keren`.`users`.`id`, `keren`.`users`.`username`, `keren`.`users`.`password` FROM `keren`.`users` WHERE `keren`.`users`.`username` = ? LIMIT ? OFFSET ?","target":"quaint::connector::metrics","timestamp":"2025-04-04T00:35:52.749Z"}}
{"level":"info","message":{"duration":0,"params":"[]","query":"BEGIN","target":"quaint::connector::metrics","timestamp":"2025-04-04T00:35:52.750Z"}}
{"level":"info","message":{"duration":0,"params":"[5]","query":"SELECT `keren`.`items`.`id` FROM `keren`.`items` WHERE (`keren`.`items`.`id` = ? AND 1=1)","target":"quaint::connector::metrics","timestamp":"2025-04-04T00:35:52.750Z"}}
{"level":"info","message":{"duration":0,"params":"[\"Tdddddwedddv\",\"1234QWER@\",5,5]","query":"UPDATE `keren`.`items` SET `name` = ?, `description` = ? WHERE (`keren`.`items`.`id` IN (?) AND (`keren`.`items`.`id` = ? AND 1=1))","target":"quaint::connector::metrics","timestamp":"2025-04-04T00:35:52.750Z"}}
{"level":"info","message":{"duration":0,"params":"[5,1,0]","query":"SELECT `keren`.`items`.`id`, `keren`.`items`.`name`, `keren`.`items`.`description`, `keren`.`items`.`id_user` FROM `keren`.`items` WHERE `keren`.`items`.`id` = ? LIMIT ? OFFSET ?","target":"quaint::connector::metrics","timestamp":"2025-04-04T00:35:52.751Z"}}
{"level":"info","message":{"duration":3,"params":"[]","query":"COMMIT","target":"quaint::connector::metrics","timestamp":"2025-04-04T00:35:52.754Z"}}
{"level":"info","message":{"duration":0,"params":"[]","query":"SELECT 1","target":"quaint::connector::metrics","timestamp":"2025-04-04T00:35:56.117Z"}}
{"level":"info","message":{"duration":0,"params":"[\"Muhammad Dani Nasution\",1,0]","query":"SELECT `keren`.`users`.`id`, `keren`.`users`.`username`, `keren`.`users`.`password` FROM `keren`.`users` WHERE `keren`.`users`.`username` = ? LIMIT ? OFFSET ?","target":"quaint::connector::metrics","timestamp":"2025-04-04T00:35:56.117Z"}}
{"level":"info","message":{"duration":0,"params":"[]","query":"BEGIN","target":"quaint::connector::metrics","timestamp":"2025-04-04T00:35:56.118Z"}}
{"level":"info","message":{"duration":0,"params":"[6]","query":"SELECT `keren`.`items`.`id` FROM `keren`.`items` WHERE (`keren`.`items`.`id` = ? AND 1=1)","target":"quaint::connector::metrics","timestamp":"2025-04-04T00:35:56.118Z"}}
{"level":"info","message":{"duration":0,"params":"[\"Tdddddwedddv\",\"1234QWER@\",6,6]","query":"UPDATE `keren`.`items` SET `name` = ?, `description` = ? WHERE (`keren`.`items`.`id` IN (?) AND (`keren`.`items`.`id` = ? AND 1=1))","target":"quaint::connector::metrics","timestamp":"2025-04-04T00:35:56.119Z"}}
{"level":"info","message":{"duration":0,"params":"[6,1,0]","query":"SELECT `keren`.`items`.`id`, `keren`.`items`.`name`, `keren`.`items`.`description`, `keren`.`items`.`id_user` FROM `keren`.`items` WHERE `keren`.`items`.`id` = ? LIMIT ? OFFSET ?","target":"quaint::connector::metrics","timestamp":"2025-04-04T00:35:56.119Z"}}
{"level":"info","message":{"duration":3,"params":"[]","query":"COMMIT","target":"quaint::connector::metrics","timestamp":"2025-04-04T00:35:56.122Z"}}
{"level":"info","message":{"duration":0,"params":"[\"Muhammad Dani Nasution\",1,0]","query":"SELECT `keren`.`users`.`id`, `keren`.`users`.`username`, `keren`.`users`.`password` FROM `keren`.`users` WHERE `keren`.`users`.`username` = ? LIMIT ? OFFSET ?","target":"quaint::connector::metrics","timestamp":"2025-04-04T00:35:58.798Z"}}
{"level":"info","message":{"duration":0,"params":"[]","query":"BEGIN","target":"quaint::connector::metrics","timestamp":"2025-04-04T00:35:58.799Z"}}
{"level":"info","message":{"duration":0,"params":"[7]","query":"SELECT `keren`.`items`.`id` FROM `keren`.`items` WHERE (`keren`.`items`.`id` = ? AND 1=1)","target":"quaint::connector::metrics","timestamp":"2025-04-04T00:35:58.799Z"}}
{"level":"info","message":{"duration":0,"params":"[\"Tdddddwedddv\",\"1234QWER@\",7,7]","query":"UPDATE `keren`.`items` SET `name` = ?, `description` = ? WHERE (`keren`.`items`.`id` IN (?) AND (`keren`.`items`.`id` = ? AND 1=1))","target":"quaint::connector::metrics","timestamp":"2025-04-04T00:35:58.800Z"}}
{"level":"info","message":{"duration":0,"params":"[7,1,0]","query":"SELECT `keren`.`items`.`id`, `keren`.`items`.`name`, `keren`.`items`.`description`, `keren`.`items`.`id_user` FROM `keren`.`items` WHERE `keren`.`items`.`id` = ? LIMIT ? OFFSET ?","target":"quaint::connector::metrics","timestamp":"2025-04-04T00:35:58.800Z"}}
{"level":"info","message":{"duration":0,"params":"[]","query":"COMMIT","target":"quaint::connector::metrics","timestamp":"2025-04-04T00:35:58.800Z"}}
{"level":"info","message":{"duration":0,"params":"[\"Muhammad Dani Nasution\",1,0]","query":"SELECT `keren`.`users`.`id`, `keren`.`users`.`username`, `keren`.`users`.`password` FROM `keren`.`users` WHERE `keren`.`users`.`username` = ? LIMIT ? OFFSET ?","target":"quaint::connector::metrics","timestamp":"2025-04-04T00:36:01.523Z"}}
{"level":"info","message":{"duration":0,"params":"[]","query":"BEGIN","target":"quaint::connector::metrics","timestamp":"2025-04-04T00:36:01.524Z"}}
{"level":"info","message":{"duration":0,"params":"[8]","query":"SELECT `keren`.`items`.`id` FROM `keren`.`items` WHERE (`keren`.`items`.`id` = ? AND 1=1)","target":"quaint::connector::metrics","timestamp":"2025-04-04T00:36:01.525Z"}}
{"level":"info","message":{"duration":0,"params":"[\"Tdddddwedddv\",\"1234QWER@\",8,8]","query":"UPDATE `keren`.`items` SET `name` = ?, `description` = ? WHERE (`keren`.`items`.`id` IN (?) AND (`keren`.`items`.`id` = ? AND 1=1))","target":"quaint::connector::metrics","timestamp":"2025-04-04T00:36:01.525Z"}}
{"level":"info","message":{"duration":0,"params":"[8,1,0]","query":"SELECT `keren`.`items`.`id`, `keren`.`items`.`name`, `keren`.`items`.`description`, `keren`.`items`.`id_user` FROM `keren`.`items` WHERE `keren`.`items`.`id` = ? LIMIT ? OFFSET ?","target":"quaint::connector::metrics","timestamp":"2025-04-04T00:36:01.525Z"}}
{"level":"info","message":{"duration":0,"params":"[]","query":"COMMIT","target":"quaint::connector::metrics","timestamp":"2025-04-04T00:36:01.525Z"}}
{"level":"info","message":{"duration":0,"params":"[\"Muhammad Dani Nasution\",1,0]","query":"SELECT `keren`.`users`.`id`, `keren`.`users`.`username`, `keren`.`users`.`password` FROM `keren`.`users` WHERE `keren`.`users`.`username` = ? LIMIT ? OFFSET ?","target":"quaint::connector::metrics","timestamp":"2025-04-04T00:36:03.930Z"}}
{"level":"info","message":{"duration":0,"params":"[]","query":"BEGIN","target":"quaint::connector::metrics","timestamp":"2025-04-04T00:36:03.932Z"}}
{"level":"info","message":{"duration":0,"params":"[9]","query":"SELECT `keren`.`items`.`id` FROM `keren`.`items` WHERE (`keren`.`items`.`id` = ? AND 1=1)","target":"quaint::connector::metrics","timestamp":"2025-04-04T00:36:03.932Z"}}
{"level":"info","message":{"duration":0,"params":"[]","query":"ROLLBACK","target":"quaint::connector::metrics","timestamp":"2025-04-04T00:36:03.932Z"}}
{"level":"error","message":"\nInvalid `prisma.item.update()` invocation:\n\n\nAn operation failed because it depends on one or more records that were required but not found. Record to update not found.","target":"item.update","timestamp":"2025-04-04T00:36:03.937Z"}
{"level":"info","message":{"duration":0,"params":"[\"Muhammad Dani Nasution\",1,0]","query":"SELECT `keren`.`users`.`id`, `keren`.`users`.`username`, `keren`.`users`.`password` FROM `keren`.`users` WHERE `keren`.`users`.`username` = ? LIMIT ? OFFSET ?","target":"quaint::connector::metrics","timestamp":"2025-04-04T00:36:09.927Z"}}
{"level":"info","message":{"duration":0,"params":"[]","query":"BEGIN","target":"quaint::connector::metrics","timestamp":"2025-04-04T00:36:09.928Z"}}
{"level":"info","message":{"duration":0,"params":"[3]","query":"SELECT `keren`.`items`.`id` FROM `keren`.`items` WHERE (`keren`.`items`.`id` = ? AND 1=1)","target":"quaint::connector::metrics","timestamp":"2025-04-04T00:36:09.928Z"}}
{"level":"info","message":{"duration":0,"params":"[\"Tdddddwedddv\",\"1234QWER@\",3,3]","query":"UPDATE `keren`.`items` SET `name` = ?, `description` = ? WHERE (`keren`.`items`.`id` IN (?) AND (`keren`.`items`.`id` = ? AND 1=1))","target":"quaint::connector::metrics","timestamp":"2025-04-04T00:36:09.929Z"}}
{"level":"info","message":{"duration":0,"params":"[3,1,0]","query":"SELECT `keren`.`items`.`id`, `keren`.`items`.`name`, `keren`.`items`.`description`, `keren`.`items`.`id_user` FROM `keren`.`items` WHERE `keren`.`items`.`id` = ? LIMIT ? OFFSET ?","target":"quaint::connector::metrics","timestamp":"2025-04-04T00:36:09.929Z"}}
{"level":"info","message":{"duration":0,"params":"[]","query":"COMMIT","target":"quaint::connector::metrics","timestamp":"2025-04-04T00:36:09.929Z"}}
{"level":"info","message":"App start"}
{"level":"info","message":"Starting a mysql pool with 29 connections.","target":"quaint::pooled","timestamp":"2025-04-04T00:41:16.626Z"}
{"level":"info","message":{"duration":0,"params":"[\"Muhammad Dani Nasution\",1,0]","query":"SELECT `keren`.`users`.`id`, `keren`.`users`.`username`, `keren`.`users`.`password` FROM `keren`.`users` WHERE `keren`.`users`.`username` = ? LIMIT ? OFFSET ?","target":"quaint::connector::metrics","timestamp":"2025-04-04T00:41:16.640Z"}}
{"level":"info","message":{"duration":0,"params":"[]","query":"BEGIN","target":"quaint::connector::metrics","timestamp":"2025-04-04T00:41:16.642Z"}}
{"level":"info","message":{"duration":0,"params":"[3]","query":"SELECT `keren`.`items`.`id` FROM `keren`.`items` WHERE (`keren`.`items`.`id` = ? AND 1=1)","target":"quaint::connector::metrics","timestamp":"2025-04-04T00:41:16.643Z"}}
{"level":"info","message":{"duration":0,"params":"[\"Tdddddwedddv\",\"1234QWER@\",3,3]","query":"UPDATE `keren`.`items` SET `name` = ?, `description` = ? WHERE (`keren`.`items`.`id` IN (?) AND (`keren`.`items`.`id` = ? AND 1=1))","target":"quaint::connector::metrics","timestamp":"2025-04-04T00:41:16.644Z"}}
{"level":"info","message":{"duration":0,"params":"[3,1,0]","query":"SELECT `keren`.`items`.`id`, `keren`.`items`.`name`, `keren`.`items`.`description`, `keren`.`items`.`id_user` FROM `keren`.`items` WHERE `keren`.`items`.`id` = ? LIMIT ? OFFSET ?","target":"quaint::connector::metrics","timestamp":"2025-04-04T00:41:16.644Z"}}
{"level":"info","message":{"duration":0,"params":"[]","query":"COMMIT","target":"quaint::connector::metrics","timestamp":"2025-04-04T00:41:16.644Z"}}
{"level":"info","message":{"duration":0,"params":"[\"Muhammad Dani Nasution\",1,0]","query":"SELECT `keren`.`users`.`id`, `keren`.`users`.`username`, `keren`.`users`.`password` FROM `keren`.`users` WHERE `keren`.`users`.`username` = ? LIMIT ? OFFSET ?","target":"quaint::connector::metrics","timestamp":"2025-04-04T00:41:19.587Z"}}
{"level":"info","message":{"duration":0,"params":"[]","query":"BEGIN","target":"quaint::connector::metrics","timestamp":"2025-04-04T00:41:19.588Z"}}
{"level":"info","message":{"duration":0,"params":"[2]","query":"SELECT `keren`.`items`.`id` FROM `keren`.`items` WHERE (`keren`.`items`.`id` = ? AND 1=1)","target":"quaint::connector::metrics","timestamp":"2025-04-04T00:41:19.589Z"}}
{"level":"info","message":{"duration":0,"params":"[\"Tdddddwedddv\",\"1234QWER@\",2,2]","query":"UPDATE `keren`.`items` SET `name` = ?, `description` = ? WHERE (`keren`.`items`.`id` IN (?) AND (`keren`.`items`.`id` = ? AND 1=1))","target":"quaint::connector::metrics","timestamp":"2025-04-04T00:41:19.589Z"}}
{"level":"info","message":{"duration":0,"params":"[2,1,0]","query":"SELECT `keren`.`items`.`id`, `keren`.`items`.`name`, `keren`.`items`.`description`, `keren`.`items`.`id_user` FROM `keren`.`items` WHERE `keren`.`items`.`id` = ? LIMIT ? OFFSET ?","target":"quaint::connector::metrics","timestamp":"2025-04-04T00:41:19.589Z"}}
{"level":"info","message":{"duration":0,"params":"[]","query":"COMMIT","target":"quaint::connector::metrics","timestamp":"2025-04-04T00:41:19.589Z"}}
{"level":"info","message":{"duration":0,"params":"[\"Muhammad Dani Nasution\",1,0]","query":"SELECT `keren`.`users`.`id`, `keren`.`users`.`username`, `keren`.`users`.`password` FROM `keren`.`users` WHERE `keren`.`users`.`username` = ? LIMIT ? OFFSET ?","target":"quaint::connector::metrics","timestamp":"2025-04-04T00:41:22.298Z"}}
{"level":"info","message":{"duration":0,"params":"[]","query":"BEGIN","target":"quaint::connector::metrics","timestamp":"2025-04-04T00:41:22.299Z"}}
{"level":"info","message":{"duration":0,"params":"[10]","query":"SELECT `keren`.`items`.`id` FROM `keren`.`items` WHERE (`keren`.`items`.`id` = ? AND 1=1)","target":"quaint::connector::metrics","timestamp":"2025-04-04T00:41:22.300Z"}}
{"level":"info","message":{"duration":0,"params":"[]","query":"ROLLBACK","target":"quaint::connector::metrics","timestamp":"2025-04-04T00:41:22.300Z"}}
{"level":"error","message":"\nInvalid `prisma.item.update()` invocation:\n\n\nAn operation failed because it depends on one or more records that were required but not found. Record to update not found.","target":"item.update","timestamp":"2025-04-04T00:41:22.302Z"}
{"level":"info","message":"App start"}
{"level":"info","message":"Starting a mysql pool with 29 connections.","target":"quaint::pooled","timestamp":"2025-04-04T00:41:43.383Z"}
{"level":"info","message":{"duration":0,"params":"[\"Muhammad Dani Nasution\",1,0]","query":"SELECT `keren`.`users`.`id`, `keren`.`users`.`username`, `keren`.`users`.`password` FROM `keren`.`users` WHERE `keren`.`users`.`username` = ? LIMIT ? OFFSET ?","target":"quaint::connector::metrics","timestamp":"2025-04-04T00:41:43.395Z"}}
{"level":"info","message":{"duration":0,"params":"[]","query":"BEGIN","target":"quaint::connector::metrics","timestamp":"2025-04-04T00:41:43.399Z"}}
{"level":"info","message":{"duration":0,"params":"[10]","query":"SELECT `keren`.`items`.`id` FROM `keren`.`items` WHERE (`keren`.`items`.`id` = ? AND 1=1)","target":"quaint::connector::metrics","timestamp":"2025-04-04T00:41:43.399Z"}}
{"level":"info","message":{"duration":0,"params":"[]","query":"ROLLBACK","target":"quaint::connector::metrics","timestamp":"2025-04-04T00:41:43.400Z"}}
{"level":"error","message":"\nInvalid `prisma.item.update()` invocation:\n\n\nAn operation failed because it depends on one or more records that were required but not found. Record to update not found.","target":"item.update","timestamp":"2025-04-04T00:41:43.403Z"}
{"level":"info","message":{"duration":0,"params":"[\"Muhammad Dani Nasution\",1,0]","query":"SELECT `keren`.`users`.`id`, `keren`.`users`.`username`, `keren`.`users`.`password` FROM `keren`.`users` WHERE `keren`.`users`.`username` = ? LIMIT ? OFFSET ?","target":"quaint::connector::metrics","timestamp":"2025-04-04T00:41:48.107Z"}}
{"level":"info","message":{"duration":0,"params":"[]","query":"BEGIN","target":"quaint::connector::metrics","timestamp":"2025-04-04T00:41:48.108Z"}}
{"level":"info","message":{"duration":0,"params":"[1]","query":"SELECT `keren`.`items`.`id` FROM `keren`.`items` WHERE (`keren`.`items`.`id` = ? AND 1=1)","target":"quaint::connector::metrics","timestamp":"2025-04-04T00:41:48.109Z"}}
{"level":"info","message":{"duration":0,"params":"[\"Tdddddwedddv\",\"1234QWER@\",1,1]","query":"UPDATE `keren`.`items` SET `name` = ?, `description` = ? WHERE (`keren`.`items`.`id` IN (?) AND (`keren`.`items`.`id` = ? AND 1=1))","target":"quaint::connector::metrics","timestamp":"2025-04-04T00:41:48.109Z"}}
{"level":"info","message":{"duration":0,"params":"[1,1,0]","query":"SELECT `keren`.`items`.`id`, `keren`.`items`.`name`, `keren`.`items`.`description`, `keren`.`items`.`id_user` FROM `keren`.`items` WHERE `keren`.`items`.`id` = ? LIMIT ? OFFSET ?","target":"quaint::connector::metrics","timestamp":"2025-04-04T00:41:48.109Z"}}
{"level":"info","message":{"duration":0,"params":"[]","query":"COMMIT","target":"quaint::connector::metrics","timestamp":"2025-04-04T00:41:48.110Z"}}
